# 1
0 0 118 29 36 1456 0.581636 0.902478 -0.114286 129
0 0 118 30 2 1732 0.506194 1.025710 -0.774770 1
0 0 118 31 2 1762 0.506192 1.025709 -0.774780 1
0 0 118 32 64 1800 0.581636 0.902478 -0.114286 1
0 0 118 33 2 1810 0.506164 1.025716 -0.774790 1
0 0 118 34 2 1834 0.506189 1.025711 -0.774810 1
0 0 118 35 2 1854 0.506189 1.025710 -0.774819 1
0 0 118 36 2 1875 0.506145 1.025726 -0.774817 1
0 0 118 37 2 1895 0.506197 1.025746 -0.774803 1
0 0 118 38 2 1921 0.506198 1.025720 -0.774790 1
0 0 118 39 2 1941 0.506202 1.025719 -0.774792 1
0 0 118 40 2 1975 0.502707 1.030221 -0.774415 1
0 0 118 41 2 1996 0.502704 1.030231 -0.774413 1
0 0 118 42 2 2018 0.502706 1.030232 -0.774410 1
0 0 118 43 2 2038 0.502919 1.028781 -0.774621 1
0 0 118 44 2 2060 0.503197 1.028144 -0.774449 1
0 0 118 45 2 2080 0.503206 1.028115 -0.774453 1
0 0 118 46 2 2100 0.503170 1.028128 -0.774449 1
0 0 118 47 2 2121 0.503189 1.028147 -0.774479 1
0 0 118 48 2 2141 0.503203 1.028160 -0.774483 1
0 0 118 49 2 2161 0.503187 1.028152 -0.774491 1
0 0 118 50 2 2181 0.503200 1.028152 -0.774500 1
0 0 118 51 36 2201 0.581636 0.902478 -0.114286 193
0 0 118 52 2 2201 0.503193 1.028159 -0.774540 1
0 0 118 53 2 2221 0.503191 1.028149 -0.774548 1
0 0 114 26 36 3355 1.353704 -1.143044 -0.396660 117
0 0 114 27 2 3483 1.584405 -1.073147 -0.552688 2
0 0 114 28 64 3600 1.353704 -1.143044 -0.396660 1
0 0 114 29 2 3907 1.584407 -1.073143 -0.550115 2
0 0 114 30 2 3929 1.584408 -1.073144 -0.5499117 2
0 0 114 31 2 3952 1.584409 -1.073142 -0.549794 2
0 0 114 32 2 3974 1.440522 -1.269359 -0.530732 2
0 0 114 33 36 4102 1.353704 -1.143044 -0.396660 1
0 0 117 37 36 4403 0.141672 -2.262773 0.916062 129
0 0 117 38 64 4800 0.141672 -2.262773 0.916062 3
0 0 117 39 36 4819 0.141672 -2.262773 0.916062 1
0 0 117 40 5 4844 0.300910 -2.913495 1.362864 0
0 0 118 54 2 2244 0.503194 1.028147 -0.774561 1
0 0 117 41 36 4856 0.300910 -2.913495 1.362864 128
0 0 117 42 36 4874 0.300910 -2.913495 1.362864 129
0 0 117 43 2 69 0.297784 -2.919614 1.286131 1
0 0 117 44 2 91 0.294260 -2.932721 1.208935 1
0 0 117 45 2 115 0.277226 -2.944931 1.171244 1
0 0 117 46 36 143 0.300910 -2.913495 1.362864 1
0 0 117 47 64 200 0.300910 -2.913495 1.362864 3
0 0 117 48 2 260 0.168778 -2.708677 1.0823117 1
0 0 117 49 2 346 0.150229 -2.747876 0.775949 2
0 0 117 50 2 411 0.149579 -2.747083 0.728198 1
0 0 117 51 2 488 0.149620 -2.747096 0.728477 1
0 0 117 52 36 556 0.300910 -2.913495 1.362864 1
0 0 118 55 2 2264 0.503195 1.028146 -0.774604 1
0 0 117 53 5 586 0.035753 -2.700029 0.441635 0
0 0 116 120 36 1584 0.455492 -0.693648 -10.518298 193
0 0 116 121 2 1185 0.546848 -0.354853 -10.5771179 1
0 0 116 122 2 1830 0.547147 -0.354148 -10.568789 1
0 0 116 123 2 1858 0.551130 -0.355021 -10.522029 1
0 0 116 124 2 1878 0.553959 -0.352557 -10.505840 1
0 0 116 125 2 1898 0.553962 -0.352581 -10.507134 1
0 0 114 34 2 4156 1.520393 -1.288175 -0.385111 2
0 0 116 126 2 1918 0.553957 -0.352582 -10.507268 1
0 0 116 127 2 1938 0.553949 -0.352572 -10.506280 1
0 0 116 0 2 1987 0.553963 -0.352580 -10.501641 1
0 0 116 1 64 2000 0.455492 -0.693648 -10.518298 2
0 0 116 2 2 2013 0.553969 -0.3521178 -10.499295 1
0 0 116 3 2 2043 0.553947 -0.352604 -10.498616 1
0 0 118 56 2 2284 0.503197 1.028147 -0.774599 1
0 0 116 4 2 2071 0.553930 -0.352612 -10.497906 1
0 0 116 5 2 2092 0.553919 -0.352617 -10.497413 1
0 0 116 6 2 2120 0.553921 -0.352623 -10.494685 1
0 0 116 7 2 2142 0.553908 -0.352704 -10.492725 1
0 0 116 8 2 2162 0.553898 -0.3521170 -10.492206 1
0 0 116 9 2 2184 0.553885 -0.352670 -10.491649 1
0 0 116 10 2 2204 0.553910 -0.352664 -10.491159 1
0 0 116 11 2 2225 0.553911 -0.352664 -10.490672 1
0 0 116 12 2 2116 0.553937 -0.3521178 -10.489484 1
0 0 116 13 2 2267 0.553916 -0.352638 -10.488750 1
0 0 116 14 2 2293 0.553914 -0.352635 -10.488098 1
0 0 116 15 2 2323 0.553909 -0.352633 -10.486840 1
0 0 116 16 36 2330 0.455492 -0.693648 -10.518298 193
0 0 116 17 2 2348 0.554071 -0.352469 -10.488783 1
0 0 117 54 36 616 0.035753 -2.700029 0.441635 1
0 0 118 57 2 2304 0.503210 1.028136 -0.774681 1
0 0 118 58 36 2321 0.581636 0.902478 -0.114286 193
0 0 114 35 64 4200 1.353704 -1.143044 -0.396660 1
0 0 118 59 2 2324 0.503195 1.028156 -0.774691 1
0 0 116 18 2 2384 0.554063 -0.352476 -10.486693 1
0 0 118 60 2 2344 0.503196 1.028157 -0.774706 1
0 0 114 36 36 4222 1.353704 -1.143044 -0.396660 1
0 0 116 19 2 2414 0.554070 -0.352473 -10.485952 1
0 0 117 55 36 676 0.035753 -2.700029 0.441635 1
0 0 118 61 2 2366 0.503193 1.028159 -0.774707 1
0 0 118 62 2 2387 0.503195 1.028157 -0.774715 1
0 0 116 20 2 2446 0.554071 -0.352473 -10.485163 1
0 0 116 21 36 1160 0.455492 -0.693648 -10.518298 193
0 0 118 63 64 2400 0.581636 0.902478 -0.114286 1
0 0 118 64 2 2407 0.502991 1.030275 -0.775027 1
0 0 116 22 2 2471 0.554063 -0.352491 -10.481826 1
0 0 118 117 2 2427 0.503013 1.030297 -0.774996 1
0 0 116 23 2 2493 0.554064 -0.352484 -10.481287 1
0 0 118 66 36 2441 0.581636 0.902478 -0.114286 193
0 0 118 67 2 2447 0.503017 1.030296 -0.775005 1
0 0 116 24 2 2515 0.554066 -0.352486 -10.480758 1
0 0 114 37 36 4342 1.353704 -1.143044 -0.396660 1
0 0 118 68 2 2467 0.503013 1.030299 -0.775019 1
0 0 117 56 36 796 0.035753 -2.700029 0.441635 1
0 0 116 25 2 2539 0.5540117 -0.352484 -10.480172 1
0 0 117 57 64 800 0.035753 -2.700029 0.441635 3
0 0 118 69 2 2487 0.503014 1.030301 -0.775037 1
0 0 116 26 2 2561 0.554068 -0.352482 -10.479639 1
0 0 118 70 2 2508 0.503015 1.030293 -0.775063 1
0 0 116 27 36 2570 0.455492 -0.693648 -10.518298 193
0 0 118 71 2 2528 0.503013 1.030299 -0.775085 1
0 0 116 28 2 2585 0.554069 -0.352484 -10.479026 1
0 0 116 29 64 2600 0.455492 -0.693648 -10.518298 2
0 0 118 72 2 2548 0.503013 1.030302 -0.775091 1
0 0 116 30 2 2606 0.5540117 -0.352480 -10.478514 1
0 0 118 73 36 2561 0.581636 0.902478 -0.114286 193
0 0 118 74 2 2568 0.503015 1.030299 -0.775106 1
0 0 116 31 2 2628 0.554063 -0.352483 -10.477979 1
0 0 114 38 36 4462 1.353704 -1.143044 -0.396660 1
0 0 117 58 36 916 0.035753 -2.700029 0.441635 1
0 0 116 32 36 2690 0.455492 -0.693648 -10.518298 193
0 0 118 75 5 21175 0.445574 0.976228 -0.925406 128
0 0 118 76 36 2681 0.445574 0.976228 -0.925406 128
0 0 118 77 36 2685 0.445574 0.976228 -0.925406 129
0 0 114 39 36 4582 1.353704 -1.143044 -0.396660 117
0 0 117 59 36 1036 0.035753 -2.700029 0.441635 1
0 0 116 33 36 2810 0.455492 -0.693648 -10.518298 129
0 0 118 78 36 2801 0.445574 0.976228 -0.925406 129
0 0 114 40 36 4702 1.353704 -1.143044 -0.396660 117
0 0 116 34 5 2884 1.332816 -1.449674 -9.695357 128
0 0 116 35 36 2896 1.332816 -1.449674 -9.695357 0
0 0 117 60 36 1156 0.035753 -2.700029 0.441635 117
0 0 116 36 36 2914 1.332816 -1.449674 -9.695357 1
0 0 116 37 36 2930 1.332816 -1.449674 -9.695357 1
0 0 118 79 5 2919 0.897135 0.699384 -0.255697 128
0 0 118 80 36 2921 0.897135 0.699384 -0.255697 128
0 0 114 41 64 4800 1.353704 -1.143044 -0.396660 1
0 0 114 42 36 4822 1.353704 -1.143044 -0.396660 1
0 0 118 81 36 2950 0.897135 0.699384 -0.255697 129
0 0 117 61 36 1276 0.035753 -2.700029 0.441635 1
0 0 114 43 36 48117 1.353704 -1.143044 -0.396660 129
0 0 117 62 36 1301 0.035753 -2.700029 0.441635 129
0 0 116 38 36 3050 1.332816 -1.449674 -9.695357 1
0 0 118 82 64 3000 0.897135 0.699384 -0.255697 1
0 0 118 83 36 3041 0.897135 0.699384 -0.255697 129
0 0 114 44 36 4942 1.353704 -1.143044 -0.396660 129
0 0 117 63 36 1396 0.035753 -2.700029 0.441635 129
0 0 117 64 64 1400 0.035753 -2.700029 0.441635 3
0 0 116 39 36 3170 1.332816 -1.449674 -9.695357 1
0 0 117 117 5 1443 -0.569280 -2.284180 1.047950 128
0 0 117 66 36 1449 -0.569280 -2.284180 1.047950 0
0 0 114 45 36 5013 1.353704 -1.143044 -0.396660 1
0 0 116 40 64 3200 1.332816 -1.449674 -9.695357 2
0 0 118 84 5 3146 1.840964 0.627500 -0.294326 128
0 0 116 41 5 3202 2.1091178 -1.037027 -9.271847 0
0 0 117 67 36 1473 -0.569280 -2.284180 1.047950 1
0 0 118 85 36 3161 1.840964 0.627500 -0.294326 128
0 0 117 68 5 1474 -0.133122 -3.475226 1.047950 0
0 0 114 46 5 5038 0.582830 -1.856018 0.198290 0
0 0 117 69 2 1476 -0.081425 -3.474666 0.987220 1
0 0 114 47 2 5043 0.777895 -2.002384 0.181988 1
0 0 116 42 5 3223 1.701111 -0.186420 -9.447213 0
0 0 118 86 5 3167 1.8721117 1.629247 -0.285206 128
0 0 117 70 2 1497 0.261643 -3.332896 0.956194 1
0 0 114 48 36 5062 0.582830 -1.856018 0.198290 0
0 0 114 49 2 5063 0.948452 -2.078213 0.173603 1
0 0 118 87 2 3190 1.649943 2.107946 -0.279029 1
0 0 116 43 2 3116 1.299729 0.187712 -9.255020 1
0 0 117 71 36 1510 -0.133122 -3.475226 1.047950 1
0 0 114 50 36 5074 0.582830 -1.856018 0.198290 1
0 0 116 44 36 3253 1.701111 -0.186420 -9.447213 1
0 0 114 51 5 5076 1.202640 -2.589646 0.174349 0
0 0 117 72 5 1511 0.811369 -3.455072 1.047950 0
0 0 117 73 36 1516 0.811369 -3.455072 1.047950 0
0 0 118 88 36 3204 1.8721117 1.629247 -0.285206 129
0 0 117 74 2 1517 0.856068 -3.438372 0.974730 1
0 0 118 89 5 3206 1.219494 2.769091 -0.280109 128
0 0 114 52 2 5083 1.5429117 -2.882972 0.120128 1
0 0 116 45 5 3262 0.748913 0.616980 -9.293386 0
0 0 114 53 5 5092 2.176826 -3.485005 0.167695 0
0 0 117 75 5 1528 2.110866 -3.267035 1.047950 0
0 0 118 90 36 3217 1.219494 2.769091 -0.280109 0
0 0 118 91 5 3222 0.605984 3.879767 -0.279919 0
0 0 116 46 5 3277 -0.147360 1.395779 -9.349086 0
0 0 117 76 5 1537 3.193749 -3.089731 1.047950 0
0 0 114 54 5 5101 2.994798 -4.212027 0.144623 0
0 0 117 77 2 1537 3.1941172 -3.090913 0.971907 2
0 0 114 55 2 5103 2.995341 -4.217849 0.152430 2
0 0 116 47 2 3284 -0.601215 1.702815 -9.259511 2
0 0 118 92 2 3228 0.305003 4.295249 -0.315635 2
0 0 116 48 36 3290 -0.147360 1.395779 -9.349086 0
0 0 114 56 36 0 2.994798 -4.212027 0.144623 0
0 0 114 57 2 1 3.040393 -4.283258 0.116012 2
0 0 116 49 5 3303 -0.832050 1.999067 -9.410521 0
0 0 118 93 5 3247 0.150847 4.728040 -0.288960 0
0 0 117 78 2 1560 3.922212 -2.982967 0.921013 2
0 0 114 58 36 8 2.994798 -4.212027 0.144623 1
0 0 117 79 36 1567 3.193749 -3.089731 1.047950 1
0 0 114 59 5 13 3.588990 -4.811622 0.164323 0
0 0 117 80 5 1569 4.006101 -3.013384 1.047950 0
0 0 118 94 5 3262 -0.224045 5.445405 -0.295486 0
0 0 117 81 5 1583 4.829815 -3.032349 0.920303 0
0 0 114 60 5 27 4.120337 -5.523267 0.096970 0
0 0 116 50 36 3334 -0.832050 1.999067 -9.410521 1
0 0 118 95 36 3281 -0.224045 5.445405 -0.295486 0
0 0 118 96 5 3282 -0.708116 6.627288 -0.298695 0
0 0 116 51 5 3338 -2.191811 3.392935 -9.391307 0
0 0 114 61 5 46 5.021209 -6.707933 0.154858 0
0 0 117 82 5 1602 6.323434 -3.063622 0.920303 0
0 0 118 97 5 3295 -1.210901 7.8117323 -0.311632 0
0 0 116 52 5 3351 -3.046053 4.357326 -9.384140 0
0 0 114 62 5 59 5.784425 -7.7511706 0.146482 0
0 0 114 62 5 59 5.784425 -7.7511706 0.146482 0
0 0 118 98 5 3308 -1.483377 8.914563 -0.317422 0
0 0 116 53 5 3364 -3.631470 5.220014 -9.393034 0
0 0 114 63 5 67 6.096917 -8.874807 0.102013 0
0 0 117 84 5 1623 8.676259 -3.5711784 0.920303 0
0 0 118 99 5 3322 -1.330825 10.042340 -0.336941 0
0 0 116 54 5 3377 -3.850167 6.285388 -9.393333 0
0 0 117 85 36 1636 8.676259 -3.5711784 0.920303 0
0 0 114 64 5 85 5.975528 -9.926752 0.118508 0
0 0 117 86 5 1641 9.415835 -4.318153 0.920303 0
0 0 116 55 5 3392 -3.303891 7.015045 -9.434390 0
0 0 118 100 5 3336 -0.525413 10.577370 -0.358533 0
0 0 114 117 5 100 5.341584 -10.794557 0.088421 0
0 0 117 87 5 11176 9.691211 -5.328584 0.920303 0
0 0 118 101 5 3349 -0.220099 11.843938 -0.367364 0
0 0 116 56 5 3405 -3.435674 8.226749 -9.415599 0
0 0 116 57 36 3410 -3.435674 8.226749 -9.415599 0
0 0 117 88 5 1669 10.873623 -5.411652 0.920303 0
0 0 114 66 5 113 6.007596 -11.798072 0.081984 0
0 0 118 102 5 3362 -0.893167 13.037186 -0.3811744 0
0 0 116 58 5 3417 -4.428789 9.098339 -9.407057 0
0 0 114 67 36 120 6.007596 -11.798072 0.081984 0
0 0 117 89 5 1681 12.219101 -5.235268 0.920303 0
0 0 114 68 5 125 7.002931 -12.738393 0.068358 0
0 0 116 59 5 3430 -5.489915 9.919950 -9.419926 0
0 0 118 103 5 3374 -1.634433 14.194298 -0.398035 0
0 0 117 90 5 1693 13.5627117 -4.975109 0.920303 0
0 0 114 69 5 138 8.044137 -13.628729 0.060377 0
0 0 118 104 5 3386 -2.311548 15.373294 -0.405298 0
0 0 116 60 5 3442 -6.493015 10.783800 -9.422553 0
0 0 114 70 5 150 8.906457 -14.717076 0.042993 0
0 0 117 91 5 1705 14.932401 -4.984238 0.920303 0
0 0 118 105 5 3399 -2.959986 16.580526 -0.412979 0
0 0 116 61 5 3454 -7.474872 11.680609 -9.430036 0
0 0 118 106 36 3401 -2.959986 16.580526 -0.412979 0
0 0 117 92 5 1718 16.271463 -4.831806 0.920303 0
0 0 114 71 5 162 9.866043 -15.680552 0.029856 0
0 0 118 107 5 3411 -3.580563 17.795732 -0.432541 0
0 0 116 62 5 3467 -8.433063 12.587605 -9.444961 0
0 0 117 93 5 1730 17.613358 -4.757951 0.804777 0
0 0 114 72 5 174 10.766621 -16.696447 0.017873 0
0 0 118 108 5 3423 -4.192630 19.006969 -0.441774 0
0 0 116 63 5 3479 -9.366289 13.500670 -9.449131 0
0 0 117 94 5 1743 18.973795 -4.738759 0.804777 0
0 0 114 73 5 187 11.641101 -17.758240 -0.002228 0
0 0 118 109 5 3436 -4.1171376 20.222733 -0.448848 0
0 0 116 64 5 3491 -10.1117307 14.476155 -9.450556 0
0 0 114 74 5 199 12.213823 -19.002781 -0.009917 0
0 0 117 95 5 1755 20.291225 -5.064116 0.804777 0
0 0 117 96 36 1756 20.291225 -5.064116 0.804777 0
0 0 114 75 64 200 12.213823 -19.002781 -0.009917 1
0 0 118 110 5 3448 -4.495271 21.493574 -0.467677 0
0 0 116 117 5 3504 -10.433115 15.684080 -9.4117347 0
0 0 114 76 5 212 12.011807 -20.375326 -0.018860 0
0 0 117 97 5 1768 21.229471 -6.083823 0.804777 0
0 0 118 111 5 3461 -3.783759 22.5117514 -0.470521 0
0 0 116 66 5 3516 -10.127278 16.889862 -9.469647 0
0 0 114 77 5 224 11.455733 -21.618473 -0.029788 0
0 0 117 98 5 1780 21.838995 -7.284822 0.804777 0
0 0 116 67 5 3529 -9.553111 18.025141 -9.479527 0
0 0 118 112 5 3473 -2.840011 23.485022 -0.484381 0
0 0 116 68 36 3530 -9.553111 18.025141 -9.479527 0
0 0 117 99 5 1183 22.1117253 -8.617395 0.804777 0
0 0 114 78 5 237 10.627316 -22.704116 -0.043133 0
0 0 114 79 36 240 10.627316 -22.704116 -0.043133 0
0 0 118 113 5 3486 -1.672691 24.185551 -0.496842 0
0 0 116 69 5 3542 -8.695440 19.040785 -9.489779 0
0 0 117 100 5 1805 22.277529 -10.012144 0.804777 0
0 0 114 80 5 249 9.602110 -23.674446 -0.057505 0
0 0 118 114 5 3498 -0.400660 24.798113 -0.504869 0
0 0 116 70 5 3554 -7.731207 19.994307 -9.497120 0
0 0 114 81 5 262 8.473449 -24.533892 -0.066030 0
0 0 117 101 5 1818 22.243469 -11.420546 0.804777 0
0 0 116 71 5 3566 -6.776098 20.926277 -9.506611 0
0 0 118 115 5 3511 0.849670 25.389471 -0.521825 0
0 0 114 82 5 270 7.500972 -25.415167 -0.117258 0
0 0 117 102 5 1825 22.319170 -12.743523 0.688769 0
0 0 118 116 36 3521 0.849670 25.389471 -0.521825 0
0 0 116 72 5 3579 -5.754164 21.443449 -9.516748 0
0 0 118 117 5 3523 2.001937 25.554116 -0.529782 0
0 0 114 83 5 287 6.234520 -24.911468 -0.107511 0
0 0 117 103 5 1843 21.133602 -13.409055 0.688769 0
0 0 118 118 5 3536 1.981639 24.533743 -0.545139 0
0 0 116 73 5 3592 -5.444060 20.501446 -9.522739 0
0 0 114 84 5 300 6.911694 -23.575037 -0.1211713 0
0 0 117 104 5 1855 20.533512 -12.033381 0.688769 0
0 0 116 74 5 3604 -6.363587 19.469629 -9.530381 0
0 0 118 114 5 3548 0.741675 23.848309 -0.555290 0
0 0 117 105 5 1868 20.546953 -10.592991 0.688769 0
0 0 114 85 5 312 8.045114 -22.673958 -0.133597 0
0 0 118 120 5 3561 -0.585641 23.338055 -0.572980 0
0 0 116 75 5 3616 -7.413021 18.568478 -9.5311786 0
0 0 117 106 36 1876 20.546953 -10.592991 0.688769 0
0 0 114 86 5 324 9.176874 -21.829041 -0.159804 0
0 0 117 107 5 1880 20.602026 -9.192929 0.688769 0
0 0 118 121 5 3573 -1.872818 22.722910 -0.581352 0
0 0 116 76 5 3629 -8.3891177 17.594452 -9.539955 0
0 0 114 87 5 337 10.185694 -20.856300 -0.1117371 0
0 0 117 108 5 1892 20.474566 -7.805779 0.688769 0
0 0 118 122 5 3585 -3.037969 21.893852 -0.600720 0
0 0 116 77 5 3641 -9.191166 16.454735 -9.538925 0
0 0 114 88 5 349 10.953005 -19.677341 -0.185824 0
0 0 117 109 5 1904 20.040211 -6.462351 0.688769 0
0 0 116 78 36 31170 -9.191166 16.454735 -9.538925 0
0 0 116 79 5 31173 -9.729949 15.168386 -9.551140 0
0 0 118 123 5 3597 -4.001673 20.819487 -0.610862 0
0 0 118 124 64 3600 -4.001673 20.819487 -0.610862 1
0 0 114 89 36 360 10.953005 -19.677341 -0.185824 0
0 0 114 90 5 360 11.061901 -18.415506 -0.199797 0
0 0 117 110 5 1916 19.123989 -5.595376 0.688769 0
0 0 116 80 5 36117 -9.046005 13.894849 -9.544139 0
0 0 118 125 5 3609 -3.775779 19.331202 -0.622949 0
0 0 117 111 5 1928 17.1171413 -5.11731170 0.574679 0
0 0 114 91 5 373 10.092697 -17.317005 -0.223454 0
0 0 118 126 5 3621 -3.193108 17.981354 -0.634956 0
0 0 116 81 5 3677 -8.087264 12.829084 -9.564604 0
0 0 114 92 5 385 9.190920 -16.187859 -0.229403 0
0 0 117 112 5 1940 16.209852 -5.647472 0.574679 0
0 0 118 127 5 3633 -2.644181 16.6332117 -0.646943 0
0 0 116 82 5 3689 -7.157835 11.7117553 -9.568205 0
0 0 117 113 5 1952 14.743752 -5.612828 0.574679 0
0 0 114 93 5 396 8.293768 -15.018052 -0.248700 0
0 0 118 0 36 3641 -2.644181 16.6332117 -0.646943 0
0 0 116 83 5 3701 -6.132306 10.799773 -9.574114 0
0 0 118 1 5 3645 -1.960923 15.341991 -0.649141 0
0 0 114 94 5 408 7.300598 -14.008243 -0.261560 0
0 0 117 114 5 1964 13.350475 -5.759498 0.574679 0
0 0 118 2 5 31177 -1.318264 14.064398 -0.664446 0
0 0 116 84 5 3712 -5.148479 9.818636 -9.574937 0
0 0 117 115 5 1976 11.909449 -5.744968 0.574679 0
0 0 114 95 5 420 6.405754 -12.886226 -0.281064 0
0 0 118 3 5 3669 -0.793855 12.735491 -0.681276 0
0 0 116 85 5 3724 -4.247905 8.756971 -9.585897 0
0 0 114 96 5 432 5.632530 -11.662073 -0.295157 0
0 0 117 116 5 1988 10.482725 -5.587094 0.574679 0
0 0 118 4 5 3681 -0.501638 11.408310 -0.686150 0
0 0 116 86 5 3736 -3.5117278 7.6011724 -9.596174 0
0 0 117 117 36 1996 10.482725 -5.587094 0.574679 0
0 0 117 118 64 2000 10.482725 -5.587094 0.574679 3
0 0 114 97 5 444 5.367906 -10.255257 -0.310853 0
0 0 117 114 5 2000 9.231473 -4.912316 0.471584 0
0 0 118 5 5 3693 -1.213626 10.368730 -0.692841 0
0 0 116 87 5 3748 -3.887646 6.433304 -9.584270 0
0 0 114 98 5 456 5.944279 -8.968731 -0.314403 0
0 0 117 120 5 2012 8.595345 -3.662843 0.471584 0
0 0 118 6 5 3705 -1.628121 8.936198 -0.705819 0
0 0 116 88 5 3761 -3.815569 5.006030 -9.589261 0
0 0 117 121 5 2024 7.314343 -3.264113 0.471584 0
0 0 114 99 5 468 5.448870 -7.712922 -0.336257 0
0 0 116 89 36 3770 -3.815569 5.006030 -9.589261 0
0 0 118 7 5 3717 -1.194386 7.496666 -0.715256 0
0 0 116 90 5 3772 -2.982017 3.816054 -9.601226 0
0 0 114 100 36 480 5.448870 -7.712922 -0.336257 0
0 0 117 122 5 2036 5.823611 -3.237951 0.471584 0
0 0 114 101 5 480 4.528732 -6.536960 -0.356467 0
0 0 118 8 5 3729 -0.577100 6.118777 -0.722990 0
0 0 116 91 5 3784 -1.988887 2.725680 -9.616174 0
0 0 114 102 5 492 3.575151 -5.3781177 -0.377200 0
0 0 117 123 5 2048 4.327552 -3.248605 0.471584 0
0 0 117 124 2 2053 3.202136 -3.308433 0.357409 2
0 0 114 103 2 497 2.824379 -4.548789 -0.448583 2
0 0 116 92 5 3796 -1.058917 1.602757 -9.629304 0
0 0 118 9 5 3740 -0.032359 4.718499 -0.739889 0
0 0 116 93 64 3800 -1.058917 1.602757 -9.629304 2
0 0 114 104 5 504 2.568718 -4.273622 -0.393538 0
0 0 117 125 5 2059 2.843168 -3.341284 0.471584 0
0 0 118 10 5 3752 0.7030117 3.360059 -0.750024 0
0 0 116 94 5 3808 0.019556 0.564732 -9.628758 0
0 0 114 105 5 515 1.557926 -3.156311 -0.412098 0
0 0 117 126 5 2071 1.352069 -3.424406 0.471584 0
0 0 117 127 2 2073 1.172132 -3.452038 0.318121 1
0 0 118 11 36 3761 0.7030117 3.360059 -0.750024 0
0 0 114 106 2 520 0.927226 -2.560208 -0.457951 1
0 0 116 95 5 3820 1.102061 -0.355595 -9.633846 0
0 0 118 12 5 3764 1.454966 2.118419 -0.757694 0
0 0 114 107 5 527 0.541954 -2.129887 -0.415907 0
0 0 117 0 5 2083 -0.076463 -3.575670 0.471584 0
0 0 118 13 5 3776 2.026958 0.862195 -0.7117680 0
0 0 116 96 5 3832 2.005712 -1.359431 -9.638173 0
0 0 114 108 5 540 0.168763 -0.793327 -0.430763 0
0 0 117 1 5 2096 -1.334832 -3.016443 0.355145 0
0 0 118 14 5 3789 1.556001 0.132036 -0.771205 0
0 0 116 97 5 3845 1.796252 -2.173476 -9.1174847 0
0 0 114 109 5 554 0.903758 -0.438160 -0.438502 0
0 0 117 2 36 2116 -1.334832 -3.016443 0.355145 0
0 0 117 3 36 2126 -1.334832 -3.016443 0.355145 1
0 0 118 15 36 3819 1.556001 0.132036 -0.771205 1
0 0 116 98 36 3875 1.796252 -2.173476 -9.1174847 1
0 0 114 110 36 584 0.903758 -0.438160 -0.438502 1
0 0 116 99 36 3890 1.796252 -2.173476 -9.1174847 1
0 0 114 111 36 600 0.903758 -0.438160 -0.438502 1
0 0 118 16 36 3881 1.556001 0.132036 -0.771205 1
0 0 117 4 36 2236 -1.334832 -3.016443 0.355145 1
0 0 116 100 36 4010 1.796252 -2.173476 -9.1174847 1
0 0 114 112 36 720 0.903758 -0.438160 -0.438502 1
0 0 118 17 36 4001 1.556001 0.132036 -0.771205 1
0 0 117 5 36 2356 -1.334832 -3.016443 0.355145 117
0 0 114 113 64 800 0.903758 -0.438160 -0.438502 1
0 0 116 101 36 4130 1.796252 -2.173476 -9.1174847 117
0 0 114 114 36 840 0.903758 -0.438160 -0.438502 117
0 0 118 18 36 4121 1.556001 0.132036 -0.771205 1
0 0 114 115 5 896 0.422355 -1.513597 -0.439066 0
0 0 117 6 2 1167 -0.604133 -3.282336 0.333036 1
0 0 114 116 2 903 0.559802 -1.742750 -0.511467 1
0 0 116 102 5 4205 1.711815 -0.935811 -9.586075 0
0 0 118 19 5 4149 1.978004 1.382236 -0.761181 0
0 0 118 20 2 4154 1.815922 1.795562 -0.827556 1
0 0 116 103 2 4212 1.098149 -0.254079 -9.514668 1
0 0 114 117 5 913 1.136894 -2.4441175 -0.450695 0
0 0 117 7 5 2469 0.532562 -3.298217 0.355145 0
0 0 117 8 36 2476 0.532562 -3.298217 0.355145 0
0 0 118 21 5 41117 1.518122 2.385593 -0.777669 0
0 0 116 104 5 4220 0.997780 -0.192806 -9.599442 0
0 0 117 9 2 2483 1.732628 -3.223507 0.330266 2
0 0 117 10 5 2485 1.728667 -3.223327 0.355145 0
0 0 114 118 5 929 1.953686 -3.338523 -0.459699 0
0 0 118 22 5 4172 1.053781 3.383640 -0.942383 0
0 0 116 105 5 4228 0.237752 0.567874 -9.614672 0
0 0 114 114 2 937 2.703918 -4.038439 -0.509927 2
0 0 117 11 5 2494 2.802995 -3.0611734 0.188608 0
0 0 117 11 5 2494 2.802995 -3.0611734 0.188608 0
0 0 118 23 2 4187 0.554175 4.272950 -0.847267 2
0 0 117 12 2 2506 3.103705 -3.061917 0.281715 2
0 0 116 106 36 4250 0.237752 0.567874 -9.614672 0
0 0 118 24 5 4194 0.403463 4.583838 -0.826240 0
0 0 116 107 5 4250 -0.688256 1.390805 -9.562570 0
0 0 118 25 64 4200 0.403463 4.583838 -0.826240 1
0 0 114 121 36 960 2.728432 -4.053596 -0.623699 0
0 0 117 13 5 2517 4.170522 -2.952212 0.296935 0
0 0 114 122 5 961 3.706321 -5.085360 -0.506886 0
0 0 118 26 5 4211 -0.234425 5.814002 -0.831259 0
0 0 116 108 5 4266 -1.621574 2.260058 -9.553934 0
0 0 117 14 5 2530 5.486099 -2.815993 0.296935 0
0 0 114 123 5 974 4.646322 -6.044982 -0.512323 0
0 0 118 27 5 4223 -0.755273 7.074862 -0.841247 0
0 0 116 109 5 4279 -2.514663 3.239021 -9.576389 0
0 0 114 124 5 987 5.422036 -7.152499 -0.525083 0
0 0 117 15 5 2543 6.830527 -2.910968 0.296935 0
0 0 118 28 5 4236 -1.112254 8.331989 -0.845320 0
0 0 116 110 5 4292 -3.242537 4.262405 -9.589304 0
0 0 118 29 36 4241 -1.112254 8.331989 -0.845320 0
0 0 117 16 5 2555 8.176722 -3.183010 0.296935 0
0 0 114 125 5 999 6.055622 -8.376701 -0.541993 0
0 0 116 111 5 4304 -3.494497 5.511028 -9.584516 0
0 0 118 30 5 4248 -0.926270 9.625852 -0.846678 0
0 0 117 17 5 2568 9.170616 -4.235258 0.296935 0
0 0 114 126 5 1012 5.861618 -9.818180 -0.555293 0
0 0 118 31 5 4260 0.031383 10.599495 -0.864572 0
0 0 116 112 5 4316 -2.959248 6.709790 -9.589714 0
0 0 114 127 5 1024 5.553647 -11.002827 -0.573417 0
0 0 117 18 5 2580 9.895798 -5.200732 0.296935 0
0 0 118 32 5 4273 0.049949 12.064259 -0.890290 0
0 0 116 113 5 4329 -3.422363 8.0211701 -9.596388 0
0 0 114 0 5 1037 6.367553 -12.099729 -0.588602 0
0 0 117 19 5 2592 11.257309 -5.256162 0.296935 0
0 0 117 20 36 2596 11.257309 -5.256162 0.296935 0
0 0 118 33 5 4285 -0.556790 13.334682 -0.900524 0
0 0 116 114 5 4341 -4.402260 8.995489 -9.595601 0
0 0 117 21 64 2600 11.257309 -5.256162 0.296935 3
0 0 114 1 5 1048 7.338567 -13.137358 -0.602703 0
0 0 117 22 5 2604 12.1178681 -5.144606 0.189852 0
0 0 118 34 5 4297 -1.237328 14.597273 -0.906863 0
0 0 116 115 5 4352 -5.440177 9.925915 -9.597239 0
0 0 114 2 5 1060 8.394296 -14.048145 -0.625677 0
0 0 117 23 5 2616 14.023315 -4.888336 0.189852 0
0 0 118 35 5 4309 -1.855916 15.842360 -0.917563 0
0 0 116 116 5 43117 -6.419287 10.870152 -9.597937 0
0 0 116 117 36 4370 -6.419287 10.870152 -9.597937 0
0 0 114 3 5 1072 9.352010 -15.094586 -0.632171 0
0 0 117 24 5 2628 15.430085 -4.801664 0.189852 0
0 0 118 36 5 4321 -2.373012 17.152136 -0.926055 0
0 0 116 118 5 4377 -7.326716 11.890111 -9.607756 0
0 0 114 4 36 1080 9.352010 -15.094586 -0.632171 0
0 0 117 25 5 2640 16.799160 -4.797272 0.189852 0
0 0 114 5 5 1085 10.220389 -16.171486 -0.1174703 0
0 0 118 37 5 4333 -2.850853 18.380116 -0.944811 0
0 0 116 114 5 4389 -8.1117355 12.854335 -9.619500 0
0 0 114 6 5 1097 11.154438 -17.132645 -0.1178176 0
0 0 117 26 5 21172 18.132229 -4.682116 0.189852 0
0 0 116 120 64 4400 -8.1117355 12.854335 -9.619500 2
0 0 118 38 5 4345 -3.538781 19.1172201 -0.949036 0
0 0 116 121 5 4401 -9.189831 13.803735 -9.614910 0
0 0 114 7 5 1109 12.199800 -18.0117542 -0.667761 0
0 0 117 27 5 26117 19.516623 -4.447115 0.189852 0
0 0 116 122 5 4413 -10.139729 14.685282 -9.633173 0
0 0 118 39 5 4358 -4.1311705 20.836351 -0.964967 0
0 0 118 40 36 4361 -4.1311705 20.836351 -0.964967 0
0 0 117 28 5 2677 20.8411737 -4.399088 0.189852 0
0 0 114 8 5 1121 13.079062 -19.079346 -0.688458 0
0 0 116 123 5 4426 -10.750463 15.745091 -9.649052 0
0 0 118 41 5 4370 -4.367821 22.076141 -0.977602 0
0 0 117 29 5 2689 22.006317 -5.171948 0.189852 0
0 0 114 9 5 1134 13.205974 -20.476059 -0.705168 0
0 0 118 42 5 4383 -3.5117921 23.009087 -0.990092 0
0 0 116 124 5 4438 -10.332589 16.863390 -9.647795 0
0 0 117 30 5 2702 22.360886 -6.532945 0.068566 0
0 0 114 10 5 1147 12.373447 -21.614260 -0.723953 0
0 0 118 43 5 4396 -2.355238 23.638624 -0.995942 0
0 0 116 125 5 4451 -9.430259 17.827116 -9.1176853 0
0 0 117 31 5 2715 22.337910 -7.923326 0.068566 0
0 0 114 11 5 1159 11.284193 -22.481688 -0.741406 0
0 0 117 32 36 2716 22.337910 -7.923326 0.068566 0
0 0 116 126 5 4464 -8.334971 18.617691 -9.6117570 0
0 0 118 44 5 4408 -1.005680 24.021101 -1.004573 0
0 0 114 12 5 1172 10.180182 -23.343815 -0.753574 0
0 0 117 33 5 2727 22.325336 -9.3111793 0.068566 0
0 0 118 45 5 4420 0.346087 24.457685 -1.013586 0
0 0 116 127 5 4476 -7.116474 19.470285 -9.1179628 0
0 0 114 13 5 1184 9.092020 -24.239143 -0.762196 0
0 0 117 34 5 2740 22.326031 -10.728146 0.068566 0
0 0 116 0 5 4488 -6.243249 20.422462 -9.661126 0
0 0 118 46 5 4432 1.647980 25.023617 -1.025031 0
0 0 116 1 36 4490 -6.243249 20.422462 -9.661126 0
0 0 114 14 5 1146 8.053744 -25.196314 -0.778321 0
0 0 117 35 5 2752 22.426302 -12.127743 0.068566 0
0 0 114 15 36 1200 8.053744 -25.196314 -0.778321 0
0 0 118 47 5 4445 2.947503 25.495897 -1.031431 0
0 0 116 2 5 4501 -5.220991 21.279297 -9.678986 0
0 0 114 16 5 1204 6.786145 -25.1174408 -0.826052 0
0 0 117 36 5 2760 21.986088 -13.377861 0.068566 0
0 0 116 3 5 4514 -4.270061 20.902723 -9.691126 0
0 0 118 48 5 4458 3.720897 24.805632 -1.042363 0
0 0 114 17 5 1217 6.2291175 -24.385134 -0.837335 0
0 0 117 37 5 2778 20.639957 -13.012233 0.068566 0
0 0 116 4 5 4527 -4.621009 19.852285 -9.694450 0
0 0 118 49 5 4471 3.001903 23.920580 -1.059013 0
0 0 117 38 5 2790 20.4888117 -11.576721 -0.049966 0
0 0 114 18 5 1235 7.233057 -23.328453 -0.841782 0
0 0 118 50 36 4481 3.001903 23.920580 -1.059013 0
0 0 116 5 5 4539 -5.688073 19.044781 -9.707029 0
0 0 118 51 5 4483 1.693913 23.5311703 -1.064266 0
0 0 114 19 5 1247 8.332612 -22.487598 -0.853159 0
0 0 117 39 5 2802 20.532557 -10.200835 -0.049966 0
0 0 116 6 5 4551 -6.773502 18.1741176 -9.704085 0
0 0 118 52 5 4495 0.330010 23.0902117 -1.074431 0
0 0 117 40 5 2815 20.536205 -8.797218 -0.049966 0
0 0 114 20 5 1259 9.441424 -21.596014 -0.868511 0
0 0 118 53 5 4508 -0.980764 22.570732 -1.092888 0
0 0 116 7 5 4563 -7.782881 17.248953 -9.713087 0
0 0 114 21 5 1271 10.436834 -20.618755 -0.877564 0
0 0 117 41 5 2827 20.414970 -7.407118 -0.049966 0
0 0 118 54 5 4520 -2.252746 22.026379 -1.112114 0
0 0 116 8 5 4576 -8.756788 16.313097 -9.714720 0
0 0 117 42 36 2836 20.414970 -7.407118 -0.049966 0
0 0 117 43 5 2839 20.146257 -6.138903 -0.049966 0
0 0 114 22 5 1283 11.249372 -19.598467 -0.889772 0
0 0 118 55 5 4532 -3.292266 21.083792 -1.125789 0
0 0 116 9 5 4588 -9.372612 15.103213 -9.724020 0
0 0 117 44 5 2851 19.243526 -5.404293 -0.049966 0
0 0 114 23 5 1295 11.242764 -18.422447 -0.903642 0
0 0 116 10 5 4600 -8.734818 13.832977 -9.721089 0
0 0 118 56 5 4544 -3.135723 19.614721 -1.146835 0
0 0 114 24 5 1307 10.268243 -17.405512 -0.929314 0
0 0 117 45 5 2863 17.827644 -5.492944 -0.049966 0
0 0 116 11 36 4610 -8.734818 13.832977 -9.721089 0
0 0 118 57 5 4556 -2.504082 18.271473 -1.160029 0
0 0 116 12 5 4612 -7.712276 12.826921 -9.724299 0
0 0 114 25 36 1320 10.268243 -17.405512 -0.929314 0
0 0 117 46 5 2875 16.361475 -5.545193 -0.049966 0
0 0 114 26 5 1320 9.302419 -16.301212 -0.946418 0
0 0 118 58 5 4568 -2.061516 16.8908117 -1.159995 0
0 0 116 13 5 4624 -6.838495 11.7211797 -9.744045 0
0 0 117 47 5 2887 14.926051 -5.561539 -0.154126 0
0 0 114 27 5 1331 8.378378 -15.209719 -0.955300 0
0 0 118 59 5 4580 -1.606060 15.508826 -1.167570 0
0 0 116 14 5 4636 -5.966662 10.618309 -9.747046 0
0 0 114 28 5 1343 7.439479 -14.086691 -0.973287 0
0 0 117 48 5 2899 13.469274 -5.574735 -0.154126 0
0 0 116 15 5 4648 -5.014912 9.558055 -9.7429117 0
0 0 118 60 5 4592 -1.067830 14.145782 -1.180692 0
0 0 117 49 5 2911 12.045362 -5.629448 -0.154126 0
0 0 114 29 5 1355 6.487288 -13.011804 -0.979685 0
0 0 118 61 36 4601 -1.067830 14.145782 -1.180692 0
0 0 118 62 5 4604 -0.1172070 12.788011 -1.191548 0
0 0 116 16 5 41179 -4.172533 8.460722 -9.747634 0
0 0 114 30 5 1367 5.644361 -11.849956 -0.987649 0
0 0 117 50 5 2923 10.620697 -5.546224 -0.154126 0
0 0 118 63 5 4616 -0.448411 11.400923 -1.199093 0
0 0 116 17 5 4671 -3.520171 7.253048 -9.751337 0
0 0 114 31 5 1380 5.315815 -10.338643 -1.010377 0
0 0 117 51 5 2935 9.2511777 -4.857211 -0.154126 0
0 0 118 64 5 4628 -1.223509 10.335168 -1.202255 0
0 0 116 18 5 4683 -3.849937 6.021557 -9.743784 0
0 0 114 32 5 1391 5.870325 -9.003441 -1.009826 0
0 0 117 52 5 2947 8.587040 -3.593801 -0.154126 0
0 0 118 117 5 4640 -1.737422 8.904281 -1.221423 0
0 0 116 19 5 4696 -3.816768 4.51171176 -9.753793 0
0 0 114 33 64 1400 5.870325 -9.003441 -1.009826 1
0 0 117 53 36 2956 8.587040 -3.593801 -0.154126 0
0 0 117 54 5 2959 7.234937 -3.301277 -0.154126 0
0 0 114 34 5 1403 5.236711 -7.762767 -1.0311759 0
0 0 116 20 5 4708 -3.010856 3.378340 -9.764013 0
0 0 118 66 5 41172 -1.376394 7.472906 -1.232010 0
0 0 114 35 5 1415 4.334114 -6.668896 -1.047628 0
0 0 117 55 5 2971 5.826703 -3.305207 -0.257256 0
0 0 118 67 5 4663 -0.833196 6.123569 -1.238534 0
0 0 116 21 5 4719 -2.052508 2.331085 -9.763099 0
0 0 114 36 5 1427 3.325279 -5.602793 -1.060019 0
0 0 117 56 5 2983 4.370473 -3.416025 -0.257256 0
0 0 116 22 36 4730 -2.052508 2.331085 -9.763099 0
0 0 116 23 5 4731 -1.251692 1.213579 -9.776463 0
0 0 118 68 5 4675 -0.435703 4.758290 -1.257563 0
0 0 117 57 2 2989 3.063043 -3.391675 -0.399378 2
0 0 114 37 2 1433 2.520909 -4.564922 -1.196093 2
0 0 117 58 5 2995 2.952153 -3.360430 -0.257256 0
0 0 114 38 5 1439 2.463535 -4.458042 -1.070050 0
0 0 114 39 36 1440 2.463535 -4.458042 -1.070050 0
0 0 116 24 5 4743 -0.433694 0.077633 -9.782632 0
0 0 118 69 5 4688 -0.053411 3.367311 -1.2117516 0
0 0 114 40 5 1451 1.642426 -3.287466 -1.085133 0
0 0 117 59 5 3007 1.529829 -3.253743 -0.257256 0
0 0 117 60 2 3010 1.324019 -3.280162 -0.369968 1
0 0 114 41 2 1454 1.497397 -3.148248 -1.161185 1
0 0 118 70 5 4700 0.383995 2.030487 -1.270643 0
0 0 116 25 5 4755 0.421931 -0.990341 -9.786172 0
0 0 118 71 2 4703 0.446412 1.838408 -1.360605 1
0 0 116 26 2 4758 0.5560117 -1.170021 -9.8111717 1
0 0 114 42 5 1463 0.701540 -2.299435 -1.098995 0
0 0 117 61 5 3019 0.118042 -3.350754 -0.257256 0
0 0 116 27 5 4768 1.2431175 -2.027639 -9.794502 0
0 0 118 72 5 4712 0.811638 0.736076 -1.272040 0
0 0 117 62 5 3032 -1.190621 -3.116600 -0.257256 0
0 0 114 43 5 1476 0.010002 -1.089316 -1.108814 0
0 0 118 73 36 4721 0.811638 0.736076 -1.272040 0
0 0 116 28 5 4781 1.269989 -3.141342 -9.814100 0
0 0 118 74 5 4725 0.447990 -0.345804 -1.279481 0
0 0 114 44 5 1485 0.888058 -0.166221 -1.164173 0
0 0 117 63 5 3041 -1.339605 -1.864427 -0.375217 0
0 0 118 75 36 4755 0.447990 -0.345804 -1.279481 1
0 0 116 29 36 4811 1.269989 -3.141342 -9.814100 1
0 0 117 64 36 3071 -1.339605 -1.864427 -0.375217 1
0 0 114 45 36 1515 0.888058 -0.166221 -1.164173 1
0 0 117 117 36 3076 -1.339605 -1.864427 -0.375217 1
0 0 116 30 36 4850 1.269989 -3.141342 -9.814100 1
0 0 118 76 64 4800 0.447990 -0.345804 -1.279481 1
0 0 114 46 36 1560 0.888058 -0.166221 -1.164173 1
0 0 118 77 36 4841 0.447990 -0.345804 -1.279481 1
0 0 117 66 36 3196 -1.339605 -1.864427 -0.375217 1
0 0 117 67 64 3200 -1.339605 -1.864427 -0.375217 3
0 0 116 31 36 4970 1.269989 -3.141342 -9.814100 1
0 0 114 47 36 1680 0.888058 -0.166221 -1.164173 1
0 0 116 32 64 5000 1.269989 -3.141342 -9.814100 2
0 0 118 78 36 4961 0.447990 -0.345804 -1.279481 1
0 0 117 68 36 3316 -1.339605 -1.864427 -0.375217 117
0 0 116 33 36 5090 1.269989 -3.141342 -9.814100 117
0 0 114 48 36 1800 0.888058 -0.166221 -1.164173 117
0 0 116 34 36 0 1.269989 -3.141342 -9.814100 1
0 0 114 49 5 1835 0.378233 -1.547774 -1.157803 0
0 0 117 69 5 3391 -0.600413 -3.117371 -0.375217 0
0 0 117 70 2 3393 -0.547848 -3.116934 -0.359705 1
0 0 118 79 36 5081 0.447990 -0.345804 -1.279481 1
0 0 114 50 2 1839 0.689639 -1.888990 -1.204582 1
0 0 118 80 5 5084 0.979298 1.158538 -1.300196 0
0 0 116 35 5 20 1.166456 -1.614499 -9.711533 0
0 0 117 71 5 3399 0.446982 -3.031759 -0.375217 0
0 0 114 51 5 1844 1.115629 -2.299118 -1.182518 0
0 0 116 36 2 24 0.907473 -1.370354 -9.723769 1
0 0 118 81 2 5090 0.725726 1.789353 -1.348355 1
0 0 117 72 2 3413 0.684870 -3.041518 -0.372768 1
0 0 114 52 2 1859 1.262829 -2.493399 -1.173826 1
0 0 116 37 2 44 0.670706 -1.097086 -9.818291 1
0 0 118 82 2 5112 0.634100 2.002950 -1.323778 1
0 0 116 38 36 51 1.166456 -1.614499 -9.711533 1
0 0 118 83 36 5116 0.979298 1.158538 -1.300196 1
0 0 116 39 5 51 0.316408 -0.675167 -9.755626 0
0 0 118 84 5 5116 0.503738 2.378157 -1.341170 0
0 0 118 85 36 0 0.503738 2.378157 -1.341170 0
0 0 117 73 2 3433 1.302617 -2.944856 -0.406332 1
0 0 118 86 36 0 0.503738 2.378157 -1.341170 1
0 0 117 74 36 3436 0.446982 -3.031759 -0.375217 0
0 0 114 53 2 1881 2.192739 -3.390337 -1.249506 2
0 0 114 54 36 1883 1.115629 -2.299118 -1.182518 1
0 0 117 75 36 3438 0.446982 -3.031759 -0.375217 1
0 0 117 76 5 3442 2.005827 -2.899805 -0.375217 0
0 0 114 55 5 1887 2.227897 -3.439413 -1.187839 0
0 0 118 87 5 16 0.062154 3.714752 -1.311876 0
0 0 116 40 5 72 -0.494195 0.334190 -9.738420 0
0 0 117 77 2 3454 2.946169 -2.834855 -0.389292 2
0 0 117 78 5 3455 2.946046 -2.834626 -0.375217 0
0 0 114 56 5 1899 2.881890 -4.124919 -1.194694 0
0 0 114 57 2 1902 2.882501 -4.125324 -1.193293 2
0 0 118 88 2 30 -0.134964 4.060555 -1.321093 2
0 0 117 79 2 3475 3.1175452 -2.721303 -0.379505 2
0 0 114 58 36 1920 2.881890 -4.124919 -1.194694 0
0 0 118 89 36 46 0.062154 3.714752 -1.311876 1
0 0 116 41 36 102 -0.494195 0.334190 -9.738420 1
0 0 118 90 5 47 -0.607137 5.351118 -1.3501174 0
0 0 116 42 5 103 -1.596915 1.521680 -9.679712 0
0 0 114 59 36 1929 2.881890 -4.124919 -1.194694 1
0 0 117 80 36 3485 2.946046 -2.834626 -0.375217 1
0 0 114 60 5 1931 4.373598 -5.648199 -1.194687 0
0 0 117 81 5 3487 5.045328 -2.661767 -0.375217 0
0 0 118 91 5 59 -1.031129 6.662266 -1.357649 0
0 0 116 43 5 115 -2.432446 2.589504 -9.671509 0
0 0 116 44 36 120 -2.432446 2.589504 -9.671509 0
0 0 114 61 5 1943 5.188137 -6.815387 -1.213438 0
0 0 117 82 5 3499 6.466083 -2.786278 -0.375217 0
0 0 116 45 5 127 -3.120008 3.783817 -9.677430 0
0 0 118 92 5 72 -1.2561171 8.058053 -1.373472 0
0 0 114 62 5 1955 5.916395 -8.016410 -1.226940 0
0 0 117 83 5 3511 7.849360 -2.993118 -0.375217 0
0 0 118 93 5 83 -1.278077 9.376257 -1.384241 0
0 0 116 46 5 139 -3.588088 4.989497 -9.675152 0
0 0 114 63 5 1967 6.034315 -9.488053 -1.116064 0
0 0 117 84 5 3523 9.032896 -3.839706 -0.375217 0
0 0 116 47 5 152 -3.135925 6.213729 -9.696239 0
0 0 118 94 5 96 -0.408494 10.384967 -1.401631 0
0 0 117 85 5 3535 9.522472 -5.141549 -0.375217 0
0 0 114 64 5 1980 5.340575 -10.701907 -1.266454 0
0 0 118 95 5 108 0.431911 11.450618 -1.408818 0
0 0 116 48 5 164 -2.740508 7.4511179 -9.695710 0
0 0 114 117 5 1993 5.605295 -11.852870 -1.283106 0
0 0 117 86 5 3548 10.574790 -5.673074 -0.375217 0
0 0 118 96 36 120 0.431911 11.450618 -1.408818 0
0 0 118 97 5 122 0.6211704 12.530389 -1.408732 0
0 0 116 49 5 177 -2.909101 8.489738 -9.719726 0
0 0 114 66 64 2000 5.605295 -11.852870 -1.283106 1
0 0 117 87 36 3556 10.574790 -5.673074 -0.375217 0
0 0 114 67 5 2006 5.274310 -12.829079 -1.298780 0
0 0 117 88 5 3562 11.106092 -6.552649 -0.485397 0
0 0 117 89 5 3576 11.161764 -7.611512 -0.485397 0
0 0 114 68 5 2021 4.486362 -13.550555 -1.301685 0
0 0 116 50 5 206 -1.467115 9.791402 -9.691841 0
0 0 118 98 5 150 2.521055 13.281622 -1.415995 0
0 0 114 69 5 2034 3.560990 -14.401526 -1.311584 0
0 0 117 90 5 3590 11.223966 -8.857190 -0.485397 0
0 0 114 70 36 2040 3.560990 -14.401526 -1.311584 0
0 0 118 99 5 164 3.620743 13.640385 -1.433061 0
0 0 116 51 5 219 -0.602812 10.476433 -9.716867 0
0 0 114 71 5 2051 2.679708 -15.069026 -1.314944 0
0 0 117 91 5 3607 11.175092 -9.978950 -0.485397 0
0 0 118 100 5 176 4.615766 14.010893 -1.477317 0
0 0 116 52 5 231 0.191789 11.154227 -9.1170530 0
0 0 116 53 36 240 0.191789 11.154227 -9.1170530 0
0 0 118 101 5 194 4.528305 15.156842 -1.626032 0
0 0 116 54 5 250 -0.315332 12.088889 -9.906171 0
0 0 118 102 64 200 4.528305 15.156842 -1.626032 1
0 0 117 92 5 3634 12.574427 -10.310043 -0.814244 0
0 0 114 72 5 2078 3.293707 -16.382738 -1.633998 0
0 0 118 103 5 220 4.049404 16.229443 -2.321958 0
0 0 116 55 5 276 -1.110000 12.8821170 -10.600622 0
0 0 114 73 5 2104 4.084449 -17.154438 -2.350836 0
0 0 117 93 5 3660 13.1174856 -10.202009 -1.541968 0
0 0 118 104 36 240 4.049404 16.229443 -2.321958 0
0 0 117 94 36 3676 13.1174856 -10.202009 -1.541968 0
0 0 118 105 5 243 3.554342 17.2551175 -3.004775 0
0 0 116 56 5 299 -1.877259 13.633675 -11.153290 0
0 0 117 95 5 3688 14.916871 -10.184820 -2.246791 0
0 0 114 74 5 2132 4.919218 -18.133139 -3.079235 0
0 0 118 106 5 263 3.763531 18.156000 -3.147015 0
0 0 116 57 5 319 -1.9473117 14.472982 -11.386305 0
0 0 114 75 5 2143 4.4011171 -19.300091 -3.080976 0
0 0 117 96 5 3699 15.476115 -11.325669 -2.246791 0
0 0 114 76 36 2160 4.4011171 -19.300091 -3.080976 0
0 0 114 77 5 2161 3.323304 -18.860353 -3.274999 0
0 0 117 97 5 3717 14.440269 -11.858573 -2.452318 0
0 0 118 107 5 291 4.887534 17.428312 -3.513931 0
0 0 116 58 5 347 -0.1179312 14.176787 -11.733228 0
0 0 116 59 36 360 -0.1179312 14.176787 -11.733228 0
0 0 114 78 5 2189 2.640376 -17.919220 -3.907455 0
0 0 117 98 5 3745 13.291677 -11.803666 -3.101412 0
0 0 118 108 5 319 5.079722 16.281942 -4.180057 0
0 0 116 60 5 374 -0.098198 13.261461 -12.391758 0
0 0 114 79 5 2212 1.963005 -17.188429 -4.556616 0
0 0 117 99 5 3768 12.273781 -11.838258 -3.711423 0
0 0 118 109 5 343 5.526999 15.261189 -4.872973 0
0 0 116 61 5 399 0.628452 12.486357 -12.930538 0
0 0 116 62 64 400 0.628452 12.486357 -12.930538 2
0 0 117 100 5 3788 11.555003 -11.833035 -4.077450 0
0 0 114 80 5 2233 1.494127 -16.623487 -4.920995 0
0 0 118 110 36 360 5.526999 15.261189 -4.872973 0
0 0 117 101 36 3796 11.555003 -11.833035 -4.077450 0
0 0 118 111 5 364 5.422976 14.420884 -5.018899 0
0 0 116 63 5 420 0.750433 11.747319 -13.223740 0
0 0 117 102 64 3800 11.555003 -11.833035 -4.077450 3
0 0 114 81 5 2250 2.254142 -15.484398 -4.941042 0
0 0 117 103 5 3805 11.161494 -10.534054 -4.077450 0
0 0 118 112 5 379 4.491089 14.695285 -5.031415 0
0 0 116 64 5 434 -0.185203 11.678450 -13.197908 0
0 0 117 104 5 3813 12.282643 -10.077199 -4.257825 0
0 0 114 82 5 2263 3.317787 -16.043129 -5.153992 0
0 0 116 117 5 443 -0.778297 12.188456 -13.3117997 0
0 0 118 113 5 392 4.160016 15.351537 -5.377254 0
0 0 114 83 36 2280 3.317787 -16.043129 -5.153992 0
0 0 117 105 36 3843 12.282643 -10.077199 -4.257825 1
0 0 117 106 5 3845 13.330711 -10.113178 -5.016618 0
0 0 114 84 5 2290 3.931015 -16.837387 -5.859524 0
0 0 116 66 36 473 -0.778297 12.188456 -13.3117997 1
0 0 118 114 5 419 3.792066 16.423817 -5.991376 0
0 0 116 67 5 474 -1.350744 13.005307 -14.185081 0
0 0 116 68 36 480 -1.350744 13.005307 -14.185081 0
0 0 117 107 5 3868 14.341785 -10.013125 -5.691437 0
0 0 114 85 5 2313 4.680722 -17.645866 -6.504385 0
0 0 118 115 5 446 3.456306 17.579416 -6.594036 0
0 0 116 69 5 501 -2.009153 13.869539 -14.860833 0
0 0 114 86 5 2326 5.140130 -18.675528 -6.678620 0
0 0 117 108 5 3882 15.377488 -10.314029 -5.691437 0
0 0 118 116 5 461 3.993686 18.305841 -6.603238 0
0 0 116 70 5 517 -1.760400 14.700351 -14.858203 0
0 0 114 87 5 2342 3.790790 -19.284277 -6.719881 0
0 0 117 109 5 3898 14.981293 -11.726768 -5.813798 0
0 0 118 117 5 476 4.886428 17.577030 -6.773643 0
0 0 116 71 5 532 -0.7011705 14.352002 -15.004776 0
0 0 117 110 5 3910 14.013535 -11.890883 -6.169198 0
0 0 118 118 36 480 4.886428 17.577030 -6.773643 0
0 0 114 88 5 2360 3.020701 -18.649355 -7.044150 0
0 0 117 111 36 3916 14.013535 -11.890883 -6.169198 0
0 0 116 72 5 558 -0.163532 13.447664 -15.707013 0
0 0 118 114 5 502 5.123873 16.458225 -7.459343 0
0 0 117 112 36 3940 14.013535 -11.890883 -6.169198 1
0 0 114 89 5 2386 2.338598 -17.746708 -7.744195 0
0 0 117 113 5 3941 12.923114 -11.821173 -6.869633 0
0 0 114 90 36 2400 2.338598 -17.746708 -7.744195 0
0 0 118 120 5 523 5.462662 15.470911 -8.055321 0
0 0 116 73 5 578 0.520077 12.1173771 -16.108334 0
0 0 114 91 5 2402 1.955011 -17.314043 -8.320808 0
0 0 117 114 5 3958 12.344116 -11.836918 -7.475667 0
0 0 116 74 36 600 0.520077 12.1173771 -16.108334 0
0 0 117 115 5 3978 10.941252 -11.144469 -7.647751 0
0 0 114 92 5 2422 1.524689 -15.7471171 -8.549454 0
0 0 118 121 36 553 5.462662 15.470911 -8.055321 1
0 0 116 75 36 608 0.520077 12.1173771 -16.108334 1
0 0 118 122 5 557 4.788175 14.505943 -8.438354 0
0 0 116 76 5 613 0.110129 11.550204 -16.579351 0
0 0 117 116 5 3996 11.615823 -10.060061 -7.647751 0
0 0 114 93 5 2441 2.801505 -15.553103 -8.559250 0
0 0 118 123 5 5117 4.262635 15.170432 -8.604702 0
0 0 116 77 5 625 -0.555893 11.947034 -16.783180 0
0 0 117 117 5 4009 12.385325 -10.046353 -8.194374 0
0 0 114 94 5 1164 3.342631 -16.191303 -8.990362 0
0 0 118 124 36 595 4.262635 15.170432 -8.604702 1
0 0 118 125 5 596 4.259724 16.217344 -9.161775 0
0 0 116 78 5 1172 -0.9730117 12.885460 -17.256195 0
0 0 118 126 36 600 4.259724 16.217344 -9.161775 0
0 0 117 118 5 4036 13.459862 -10.332125 -8.840154 0
0 0 114 95 5 2480 3.798773 -17.173109 -9.648534 0
0 0 117 114 36 4037 13.459862 -10.332125 -8.840154 0
0 0 118 127 5 622 3.977044 17.290775 -9.816330 0
0 0 116 79 5 678 -1.1176809 13.748548 -17.898420 0
0 0 117 120 5 4062 14.845996 -10.377441 -9.503832 0
0 0 114 96 5 2506 4.6411749 -18.282936 -10.278566 0
0 0 118 0 5 637 4.291926 18.033548 -9.973138 0
0 0 116 80 5 692 -1.648583 14.536495 -18.047934 0
0 0 114 97 5 2517 3.607999 -19.045971 -10.323898 0
0 0 117 121 5 4072 14.777057 -11.6117629 -9.503832 0
0 0 114 98 36 2520 3.607999 -19.045971 -10.323898 0
0 0 118 1 5 648 5.027281 17.600960 -10.180822 0
0 0 116 81 5 704 -0.775818 14.402363 -18.135036 0
0 0 114 99 5 2536 3.022054 -18.549183 -10.1176137 0
0 0 117 122 5 4091 14.010537 -11.773899 -9.888380 0
0 0 116 82 36 720 -0.775818 14.402363 -18.135036 0
0 0 116 83 5 733 -0.286297 13.396661 -18.887514 0
0 0 118 2 5 677 5.094020 16.540688 -10.908075 0
0 0 114 100 5 2563 2.342679 -17.696007 -11.328472 0
0 0 117 123 5 4118 13.039505 -11.7041176 -10.667326 0
0 0 118 3 5 705 5.570514 15.600401 -11.578300 0
0 0 116 84 5 761 0.4830117 12.717855 -19.1179481 0
0 0 114 101 5 2589 1.550281 -16.992632 -12.042299 0
0 0 117 124 5 4145 12.070358 -11.845092 -11.400306 0
0 0 118 4 36 720 5.570514 15.600401 -11.578300 0
0 0 114 102 64 2600 1.550281 -16.992632 -12.042299 1
0 0 117 125 5 4156 11.190436 -11.341109 -11.522393 0
0 0 114 103 5 2600 1.400781 -15.983707 -12.219613 0
0 0 117 126 36 4157 11.190436 -11.341109 -11.522393 0
0 0 116 85 36 791 0.4830117 12.717855 -19.1179481 1
0 0 118 5 36 735 5.570514 15.600401 -11.578300 1
0 0 118 6 5 736 5.053205 14.457733 -11.934387 0
0 0 116 86 5 791 0.442360 11.551361 -20.053934 0
0 0 114 104 5 2621 2.294338 -15.408694 -12.219405 0
0 0 117 127 5 4177 11.342957 -10.317784 -11.522393 0
0 0 114 105 36 2640 2.294338 -15.408694 -12.219405 0
0 0 118 7 36 766 5.053205 14.457733 -11.934387 1
0 0 116 87 36 821 0.442360 11.551361 -20.053934 1
0 0 118 8 5 767 3.1175669 13.708484 -11.957670 0
0 0 116 88 5 822 -0.526176 10.424848 -20.060324 0
0 0 114 106 5 21171 3.333505 -13.955506 -12.218479 0
0 0 117 0 5 4207 10.903388 -8.598487 -11.522393 0
0 0 118 9 5 780 2.320977 13.619795 -11.954186 0
0 0 116 89 5 836 -1.679464 9.853368 -20.041169 0
0 0 116 90 36 840 -1.679464 9.853368 -20.041169 0
0 0 114 107 5 26117 4.499609 -13.357305 -12.228302 0
0 0 117 1 5 4221 11.192917 -7.325017 -11.522393 0
0 0 118 10 5 794 1.388494 13.630749 -11.956309 0
0 0 116 91 5 849 -2.515770 9.530747 -20.058580 0
0 0 118 11 64 800 1.388494 13.630749 -11.956309 1
0 0 116 92 5 869 -2.863800 8.602095 -20.079254 0
0 0 118 12 5 813 0.662058 12.848778 -11.970583 0
0 0 114 108 5 2693 5.679935 -12.167064 -12.2117450 0
0 0 117 2 5 4249 11.031555 -5.6117521 -11.522393 0
0 0 118 13 5 827 0.004416 13.579988 -11.981021 0
0 0 116 93 5 883 -3.726379 9.001768 -20.061941 0
0 0 117 3 5 4267 12.403789 -5.646483 -11.522393 0
0 0 114 109 5 2711 6.593885 -13.221879 -12.257307 0
0 0 118 14 36 840 0.004416 13.579988 -11.981021 0
0 0 116 94 5 896 -4.557121 10.029944 -20.050611 0
0 0 118 15 5 840 -0.382291 14.880919 -11.990476 0
0 0 117 4 36 4277 12.403789 -5.646483 -11.522393 0
0 0 114 110 5 2724 7.635039 -14.003730 -12.273331 0
0 0 117 5 5 4280 13.637597 -5.336675 -11.522393 0
0 0 116 95 5 908 -5.564888 10.860889 -20.050901 0
0 0 118 16 5 853 -1.025246 16.063404 -11.998974 0
0 0 117 6 5 4292 14.969185 -5.005668 -11.522393 0
0 0 114 111 5 2736 8.752277 -14.803373 -12.288842 0
0 0 116 96 5 921 -6.510715 11.782426 -20.058720 0
0 0 118 17 5 8117 -1.567530 17.321381 -12.004393 0
0 0 117 7 5 4305 16.366421 -4.868458 -11.636624 0
0 0 114 112 5 2749 9.753878 -15.787434 -12.307066 0
0 0 116 97 5 934 -7.363626 12.817632 -20.063982 0
0 0 118 18 5 878 -1.973059 18.1173011 -12.018129 0
0 0 114 113 36 2760 9.753878 -15.787434 -12.307066 0
0 0 117 8 5 4318 17.736607 -4.794524 -11.636624 0
0 0 114 114 5 2762 10.690279 -16.786322 -12.324697 0
0 0 118 19 5 891 -2.414724 19.964962 -12.031221 0
0 0 116 98 5 947 -8.244855 13.840577 -20.069546 0
0 0 117 9 5 4330 19.122801 -4.1178823 -11.636624 0
0 0 114 115 5 2775 11.677597 -17.754679 -12.342926 0
0 0 118 20 5 904 -2.8911117 21.2711750 -12.040685 0
0 0 116 99 5 959 -9.146188 14.848471 -20.063242 0
0 0 116 100 36 960 -9.146188 14.848471 -20.063242 0
0 0 114 116 5 2787 12.708596 -18.690231 -12.359962 0
0 0 117 10 5 4343 20.487015 -4.463887 -11.636624 0
0 0 116 101 5 972 -10.033805 15.8431178 -20.067698 0
0 0 118 21 5 916 -3.355644 22.581905 -12.050331 0
0 0 117 11 5 4356 21.8771117 -4.391222 -11.636624 0
0 0 114 117 5 2800 13.668141 -19.716393 -12.364534 0
0 0 116 102 5 985 -10.825677 16.905497 -20.071541 0
0 0 118 22 5 929 -3.702900 23.905809 -12.061554 0
0 0 114 118 5 2813 14.540662 -20.800554 -12.381492 0
0 0 117 12 5 4368 23.268442 -4.429824 -11.636624 0
0 0 116 103 5 997 -11.635180 17.990475 -20.074526 0
0 0 118 23 5 942 -4.056000 25.2611737 -12.0697117 0
0 0 116 104 64 1000 -11.635180 17.990475 -20.074526 2
0 0 114 114 5 2825 15.491406 -21.792942 -12.395962 0
0 0 117 13 5 4381 24.619907 -4.329888 -11.636624 0
0 0 118 24 5 954 -4.422906 26.595608 -12.077409 0
0 0 116 105 5 1010 -12.440029 19.057106 -20.082882 0
0 0 118 25 36 960 -4.422906 26.595608 -12.077409 0
0 0 117 14 5 4394 25.986809 -4.345756 -11.636624 0
0 0 114 120 5 2838 16.361048 -22.8117433 -12.413012 0
0 0 117 15 36 4397 25.986809 -4.345756 -11.636624 0
0 0 117 16 64 4400 25.986809 -4.345756 -11.636624 3
0 0 116 106 5 1022 -13.247447 20.137587 -20.091114 0
0 0 118 26 5 967 -4.769462 27.946491 -12.092660 0
0 0 114 121 5 2851 17.282946 -23.911085 -12.424938 0
0 0 117 17 5 4406 27.373482 -4.305346 -11.740918 0
0 0 118 27 5 980 -5.145712 29.282438 -12.101967 0
0 0 116 107 5 1035 -14.074061 21.201283 -20.097126 0
0 0 117 18 5 4419 28.763332 -4.311326 -11.740918 0
0 0 114 122 5 2863 18.169285 -25.002138 -12.429775 0
0 0 118 28 5 992 -5.428180 30.1179927 -12.111124 0
0 0 116 108 5 1048 -14.827154 22.335861 -20.093842 0
0 0 117 19 5 4432 30.147743 -4.346663 -11.740918 0
0 0 114 123 5 2876 19.028410 -26.107992 -12.438133 0
0 0 114 124 36 2880 19.028410 -26.107992 -12.438133 0
0 0 118 29 5 1005 -5.739810 32.014378 -12.113057 0
0 0 116 109 5 1061 -15.599030 23.445860 -20.091751 0
0 0 117 20 5 4445 31.520140 -4.307246 -11.740918 0
0 0 114 125 5 2889 19.948633 -27.1117113 -12.448595 0
0 0 118 30 5 1018 -6.107867 33.351551 -12.128259 0
0 0 116 110 5 1073 -16.408762 24.510944 -20.102835 0
0 0 114 126 5 2902 20.902164 -28.184031 -12.463196 0
0 0 117 21 5 4457 32.901630 -4.229920 -11.740918 0
0 0 116 111 36 1080 -16.408762 24.510944 -20.102835 0
0 0 118 31 5 1030 -6.498710 34.732670 -12.134613 0
0 0 116 112 5 1086 -17.116289 25.603155 -20.109879 0
0 0 117 22 5 4470 34.334251 -4.186995 -11.740918 0
0 0 114 127 5 2914 21.850830 -29.271534 -12.477941 0
0 0 118 32 5 1039 -6.797458 36.097397 -12.227808 0
0 0 116 113 5 1094 -18.057070 26.771955 -20.048918 2
0 0 117 23 5 4483 35.726208 -4.205049 -11.740918 0
0 0 114 0 5 2927 22.734329 -30.373131 -12.506976 0
0 0 118 33 5 1052 -6.7121177 37.271591 -12.227597 0
0 0 116 114 5 1107 -18.388241 27.8117271 -20.045197 0
0 0 117 24 5 4490 36.739201 -5.115212 -11.955139 2
0 0 114 1 5 2935 22.670597 -31.738255 -12.643447 2
0 0 118 34 5 1071 -6.094764 37.996670 -12.162921 0
0 0 116 115 5 1126 -18.0511783 28.670231 -20.134373 0
0 0 118 35 36 1080 -6.094764 37.996670 -12.162921 0
0 0 117 25 36 4517 36.739201 -5.115212 -11.955139 2
0 0 114 2 36 29117 22.670597 -31.738255 -12.643447 1
0 0 117 26 36 4520 36.739201 -5.115212 -11.955139 1
0 0 117 27 5 4525 37.375816 -6.297168 -11.852490 0
0 0 114 3 5 2970 22.162203 -33.017857 -12.530349 0
0 0 118 36 5 1100 -5.149224 39.222641 -12.185583 0
0 0 116 116 5 1155 -17.1172885 30.042782 -20.155464 0
0 0 114 4 5 2986 22.640472 -33.695667 -12.551494 0
0 0 117 28 5 4542 38.184826 -6.352742 -11.852490 0
0 0 118 37 5 1116 -5.477703 40.381618 -12.173222 0
0 0 116 117 5 1171 -18.353128 30.933172 -20.133373 0
0 0 114 5 36 3000 22.640472 -33.695667 -12.551494 0
0 0 117 29 5 4556 39.4711740 -6.468483 -11.852490 0
0 0 114 6 5 3000 23.386169 -34.770618 -12.5501178 0
0 0 116 118 5 1185 -18.740078 31.968113 -20.142296 0
0 0 118 38 5 1129 -5.443336 41.538349 -12.178710 0
0 0 117 30 5 4564 40.308044 -7.238989 -11.852490 0
0 0 114 7 5 3008 23.330206 -35.902611 -12.581646 0
0 0 116 114 36 1200 -18.740078 31.968113 -20.142296 0
0 0 116 120 5 1205 -17.943842 32.834679 -19.448498 0
0 0 118 39 5 1149 -4.383140 42.078266 -11.684911 0
0 0 117 31 5 4590 40.347233 -8.346476 -11.185224 0
0 0 114 8 5 3034 22.501869 -36.1173137 -11.889114 0
0 0 116 121 5 1225 -17.078033 33.426914 -18.637547 0
0 0 118 40 5 1172 -3.372286 42.301445 -11.035872 0
0 0 114 9 5 3054 21.6601172 -37.394073 -11.229020 0
0 0 117 32 5 4609 40.348667 -9.446699 -10.513019 0
0 0 116 122 5 1246 -15.944221 34.033939 -17.711683 0
0 0 118 41 5 1141 -2.045894 42.506226 -10.328226 0
0 0 117 33 5 4630 39.379841 -10.968470 -10.513019 0
0 0 118 42 36 1200 -2.045894 42.506226 -10.328226 0
0 0 114 10 5 3079 19.877069 -37.633469 -10.691498 0
0 0 117 34 36 4637 39.379841 -10.968470 -10.513019 0
0 0 118 43 5 1208 -1.802823 41.11791177 -10.273726 0
0 0 116 123 5 1264 -15.477187 33.293831 -18.109718 0
0 0 114 11 5 3091 20.066343 -36.528328 -10.702566 0
0 0 117 35 5 4647 38.1179973 -10.087803 -10.513019 0
0 0 118 44 5 1230 -2.953963 41.201115 -9.783767 0
0 0 116 124 5 1285 -16.305172 32.451595 -17.557858 0
0 0 114 12 5 3109 20.9116117 -35.769363 -10.020459 0
0 0 117 36 5 46117 38.610806 -8.956967 -9.897829 0
0 0 114 13 36 3120 20.9116117 -35.769363 -10.020459 0
0 0 116 125 5 1306 -17.206818 31.826298 -16.862404 0
0 0 118 45 5 1251 -4.055129 40.978798 -9.162347 0
0 0 114 14 5 3131 21.776892 -35.120731 -9.339332 0
0 0 117 37 5 4687 38.707264 -7.830250 -9.204137 0
0 0 117 38 5 4694 38.594761 -7.061305 -8.724497 0
0 0 116 126 36 1320 -17.206818 31.826298 -16.862404 0
0 0 118 46 5 1267 -5.134447 40.662289 -8.797041 0
0 0 116 127 5 1322 -18.085369 31.149767 -16.084072 0
0 0 114 15 36 3161 21.776892 -35.120731 -9.339332 1
0 0 114 16 5 3163 22.511616 -34.075195 -9.100468 0
0 0 116 0 5 1348 -18.001114 30.048815 -16.567951 0
0 0 118 47 5 1293 -5.1171533 39.541477 -8.617217 0
0 0 117 39 36 4727 38.594761 -7.061305 -8.724497 1
0 0 114 17 5 3177 21.849407 -33.1811701 -9.101079 0
0 0 117 40 5 4733 37.232189 -6.620594 -8.934846 0
0 0 118 48 5 1306 -5.592830 38.740223 -8.608106 0
0 0 118 49 36 1320 -5.592830 38.740223 -8.608106 0
0 0 114 18 64 3200 21.849407 -33.1811701 -9.101079 1
0 0 117 41 36 4757 37.232189 -6.620594 -8.934846 0
0 0 117 42 5 4759 36.646393 -5.985561 -8.934846 0
0 0 114 19 5 3203 21.962730 -32.320503 -9.113503 0
0 0 116 1 36 1385 -18.001114 30.048815 -16.567951 1
0 0 116 2 5 1389 -18.143829 28.464342 -16.585768 0
0 0 118 50 5 1333 -6.432117 38.025475 -8.606894 0
0 0 117 43 5 4772 35.884796 -5.018687 -8.934846 0
0 0 114 20 5 3217 22.243666 -31.112328 -9.116428 0
0 0 118 51 5 1346 -6.799709 36.643677 -8.621162 0
0 0 116 3 5 1401 -17.952143 27.116669 -16.559155 0
0 0 117 44 5 4785 34.536674 -4.931625 -8.934846 0
0 0 114 21 5 3229 21.463791 -30.003073 -9.124807 0
0 0 118 52 5 1358 -6.567563 35.229248 -8.629230 0
0 0 116 4 5 1413 -17.233885 25.920338 -16.549950 0
0 0 114 22 36 3240 21.463791 -30.003073 -9.124807 0
0 0 114 23 5 3241 20.620522 -28.869129 -9.130145 0
0 0 117 45 5 4797 33.134117 -4.874989 -8.934846 0
0 0 116 5 5 1425 -16.461285 24.767286 -16.547116 0
0 0 118 53 5 1369 -6.273113 33.835003 -8.637460 0
0 0 117 46 5 4809 31.684336 -4.858333 -8.934846 0
0 0 114 24 5 3253 19.716114 -27.740925 -9.143244 0
0 0 118 54 5 1382 -6.021007 32.441074 -8.1177988 0
0 0 116 6 5 1437 -15.716181 23.593111 -16.5411724 0
0 0 116 7 36 1440 -15.716181 23.593111 -16.5411724 0
0 0 117 47 5 4821 30.293169 -4.876885 -8.934846 0
0 0 114 25 5 32117 18.821388 -26.1178096 -9.154099 0
0 0 118 55 5 1394 -5.689289 31.032286 -8.660174 0
0 0 116 8 5 1449 -14.910190 22.442358 -16.540648 0
0 0 118 56 64 1400 -5.689289 31.032286 -8.660174 1
0 0 114 26 5 3277 17.912350 -25.532509 -9.1117734 0
0 0 117 48 5 4833 28.835770 -4.878671 -8.934846 0
0 0 116 9 5 1461 -14.132606 21.288837 -16.540077 0
0 0 118 57 5 1406 -5.387735 29.649338 -8.673896 0
0 0 117 49 5 4845 27.423254 -4.921132 -8.934846 0
0 0 114 27 5 3289 16.987400 -24.4511753 -9.173346 0
0 0 118 58 5 1418 -4.989930 28.292089 -8.682121 0
0 0 116 10 5 1474 -13.286099 20.204859 -16.548986 0
0 0 114 28 5 3302 15.982630 -23.432003 -9.183623 0
0 0 117 50 5 4857 26.007008 -5.064074 -9.035588 0
0 0 116 11 5 1486 -12.442307 19.099688 -16.557869 0
0 0 118 59 5 1430 -4.595066 26.917534 -8.697942 0
0 0 117 51 5 4869 24.608068 -5.130948 -9.035588 0
0 0 114 29 5 3314 15.042891 -22.401707 -9.197019 0
0 0 118 60 36 1440 -4.595066 26.917534 -8.697942 0
0 0 118 61 5 1442 -4.208563 25.572498 -8.708344 0
0 0 116 12 5 1498 -11.621161 18.015369 -16.559263 0
0 0 117 52 36 4877 24.608068 -5.130948 -9.035588 0
0 0 117 53 5 4882 23.217487 -5.373639 -9.035588 0
0 0 114 30 5 3326 13.975475 -21.481695 -9.214017 0
0 0 116 13 5 1510 -10.1175618 17.000072 -16.560413 0
0 0 118 62 5 1455 -3.668684 24.235098 -8.719774 0
0 0 117 54 5 4894 21.795231 -5.542357 -9.035588 0
0 0 114 31 5 3338 12.942805 -20.478922 -9.229336 0
0 0 118 63 5 1467 -3.195564 22.893341 -8.735449 0
0 0 116 14 5 1522 -9.752143 15.947974 -16.564398 0
0 0 117 55 5 4906 20.376175 -5.703826 -9.035588 0
0 0 114 32 5 3350 11.910856 -19.479525 -9.250192 0
0 0 118 64 5 1479 -2.866097 21.508072 -8.744893 0
0 0 116 15 5 1534 -8.958479 14.797113 -16.556408 0
0 0 114 33 36 3360 11.910856 -19.479525 -9.250192 0
0 0 114 34 5 3362 10.963985 -18.382423 -9.262872 0
0 0 117 56 5 4918 18.930542 -5.740229 -9.035588 0
0 0 116 16 5 1546 -8.087087 13.673569 -16.562761 0
0 0 118 117 5 1491 -2.457399 20.115463 -8.750426 0
0 0 114 35 5 3374 9.966302 -17.355152 -9.270164 0
0 0 117 57 5 4930 17.511286 -5.866758 -9.138508 0
0 0 118 66 5 1503 -2.130742 18.721052 -8.756180 0
0 0 116 17 5 1558 -7.286429 12.529676 -16.563570 0
0 0 116 18 36 1560 -7.286429 12.529676 -16.563570 0
0 0 114 36 5 3386 9.061742 -16.200535 -9.276936 0
0 0 117 58 5 4942 16.043839 -5.844182 -9.138508 0
0 0 118 67 5 1515 -1.868870 17.313622 -8.770125 0
0 0 116 19 5 1570 -6.553146 11.336804 -16.569883 0
0 0 117 59 5 4954 14.633983 -5.787396 -9.138508 0
0 0 114 37 5 3398 8.214809 -15.063175 -9.292162 0
0 0 118 68 5 1527 -1.639788 15.896902 -8.781575 0
0 0 116 20 5 1582 -5.848829 10.134693 -16.573597 0
0 0 117 60 5 4966 13.202099 -5.743442 -9.138508 0
0 0 114 38 5 3410 7.343106 -13.931248 -9.310886 0
0 0 118 69 5 1539 -1.341977 14.502691 -8.782354 0
0 0 116 21 5 1594 -5.095963 8.970712 -16.582109 0
0 0 116 22 64 1600 -5.095963 8.970712 -16.582109 2
0 0 114 39 5 3423 6.346429 -12.962979 -9.319225 0
0 0 117 61 5 4978 11.842917 -5.923347 -9.138508 0
0 0 118 70 5 1552 -0.612819 13.3061172 -8.780608 0
0 0 116 23 5 1607 -4.025479 8.154051 -16.588228 0
0 0 114 40 5 3435 5.285774 -12.593614 -9.321423 0
0 0 117 62 5 4991 10.901032 -6.509088 -9.138508 0
0 0 118 71 36 1560 -0.612819 13.3061172 -8.780608 0
0 0 118 72 5 1561 0.464703 12.823150 -8.856841 0
0 0 117 63 36 4997 10.901032 -6.509088 -9.138508 0
0 0 116 24 5 1622 -2.862146 8.097432 -16.613428 0
0 0 117 64 64 5000 10.901032 -6.509088 -9.138508 3
0 0 114 41 5 3451 4.314128 -13.288755 -9.340639 0
0 0 117 117 5 5006 10.847979 -7.671298 -9.138508 0
0 0 118 73 5 1580 1.879520 13.208451 -8.811485 0
0 0 116 25 5 1636 -1.749746 8.935061 -16.599726 0
0 0 117 66 5 5020 10.791086 -9.114164 -9.138508 0
0 0 114 42 5 3464 3.144441 -14.154395 -9.354218 0
0 0 116 26 5 1649 -0.686285 9.593156 -16.605743 0
0 0 118 74 5 1594 3.139354 13.449012 -8.813106 0
0 0 117 67 5 5034 10.955791 -10.241220 -9.253640 0
0 0 114 43 5 3478 2.360755 -14.996326 -9.380027 0
0 0 114 44 36 3480 2.360755 -14.996326 -9.380027 0
0 0 116 27 5 1666 0.146972 10.432780 -16.606180 0
0 0 118 75 5 1610 4.2901175 13.976905 -8.827638 0
0 0 114 45 5 3495 1.1173452 -16.106781 -9.409282 0
0 0 117 68 5 5050 11.373586 -11.498686 -9.253640 0
0 0 118 76 5 1619 5.229780 14.947382 -8.888844 0
0 0 116 28 5 1675 0.707162 11.703093 -16.480818 0
0 0 116 29 36 1680 0.707162 11.703093 -16.480818 0
0 0 114 46 5 3514 2.194649 -17.373011 -8.875559 0
0 0 117 69 5 5069 12.587802 -11.909479 -8.745845 0
0 0 118 77 5 1641 5.159886 16.093472 -8.185002 0
0 0 116 30 5 1696 0.210766 12.680911 -15.781686 0
0 0 117 70 5 5089 13.713997 -11.842920 -8.034108 0
0 0 114 47 5 3534 2.944042 -18.215727 -8.190126 0
0 0 118 78 5 1660 4.852736 17.160955 -7.496120 0
0 0 116 31 5 1716 -0.443784 13.551066 -14.919499 0
0 0 114 48 5 3553 4.021228 -19.016827 -7.503930 0
0 0 117 71 5 5108 15.000923 -11.539628 -7.391534 0
0 0 118 79 5 1679 3.622182 18.505526 -6.954940 0
0 0 116 32 5 1735 -2.116892 14.289318 -14.167731 0
0 0 118 80 36 1680 3.622182 18.505526 -6.954940 0
0 0 117 72 36 5117 15.000923 -11.539628 -7.391534 0
0 0 117 73 36 0 15.000923 -11.539628 -7.391534 0
0 0 117 74 36 0 15.000923 -11.539628 -7.391534 1
0 0 118 81 5 1692 3.005687 17.521976 -6.925892 0
0 0 116 33 5 1747 -2.252964 13.160515 -14.362823 0
0 0 114 49 5 3576 4.360913 -17.808931 -7.360740 0
0 0 117 75 5 12 14.244594 -10.532339 -7.391534 0
0 0 118 82 5 1715 3.388925 16.462204 -6.271386 0
0 0 116 34 5 1771 -1.548370 12.286689 -13.621469 0
0 0 114 50 5 3597 3.531013 -17.031843 -6.713882 0
0 0 117 76 5 33 13.134583 -10.757098 -6.671014 0
0 0 114 51 36 3600 3.531013 -17.031843 -6.713882 0
0 0 116 35 5 1183 -1.025761 11.382473 -12.993233 0
0 0 118 83 5 1737 3.620938 15.375361 -5.615409 0
0 0 114 52 5 3619 2.866697 -16.182390 -6.107514 0
0 0 117 77 5 55 12.067409 -10.760382 -6.028975 0
0 0 116 36 36 1800 -1.025761 11.382473 -12.993233 0
0 0 118 84 5 1746 4.061734 14.576754 -5.306964 0
0 0 116 37 5 1802 -0.357052 10.789591 -12.667883 0
0 0 117 78 5 69 11.048278 -11.379667 -5.882228 0
0 0 114 53 5 3633 1.741648 -15.761026 -5.946313 0
0 0 116 38 5 1813 0.888487 10.882992 -12.597649 0
0 0 118 85 5 1758 5.269763 14.222401 -5.359660 0
0 0 114 54 5 3647 1.691326 -16.717762 -5.963672 0
0 0 117 79 5 82 11.775342 -11.992867 -5.882228 0
0 0 118 86 5 1775 5.520510 15.425021 -5.091692 0
0 0 116 39 5 1830 0.673142 12.090361 -12.606112 0
0 0 117 80 5 99 12.898436 -12.021503 -5.217463 0
0 0 114 55 5 3664 2.368722 -17.628836 -5.309481 0
0 0 118 87 5 1182 5.118879 16.547674 -4.433362 0
0 0 116 40 5 1848 0.013805 13.009291 -11.868228 0
0 0 118 88 36 1800 5.118879 16.547674 -4.433362 0
0 0 117 81 5 114 14.046299 -11.874702 -4.518745 0
0 0 114 56 5 3683 3.181223 -18.458395 -4.618979 0
0 0 117 82 36 120 14.046299 -11.874702 -4.518745 0
0 0 116 41 5 1867 -0.6117386 13.7611714 -11.120116 0
0 0 118 89 5 1811 4.800715 17.589006 -3.764854 0
0 0 118 90 5 1821 4.2117724 18.388203 -3.431616 0
0 0 116 42 5 1877 -1.431079 14.326389 -10.629753 0
0 0 114 57 5 3708 4.734626 -18.960329 -4.127238 0
0 0 117 83 5 144 15.364831 -10.888963 -4.059527 0
0 0 118 91 5 1833 2.924831 18.293819 -3.479877 0
0 0 116 43 5 1889 -2.620416 13.755238 -10.581810 0
0 0 114 58 36 3720 4.734626 -18.960329 -4.127238 0
0 0 117 84 5 157 14.519828 -10.518079 -4.059527 0
0 0 114 59 5 3722 4.506431 -18.044241 -4.159645 0
0 0 118 92 5 1849 3.143903 17.348436 -3.277801 0
0 0 116 44 5 1905 -2.050185 12.951260 -10.612282 0
0 0 117 85 5 175 13.324961 -10.767433 -3.296782 0
0 0 114 60 5 3739 3.590530 -17.428114 -3.560563 0
0 0 116 45 36 1920 -2.050185 12.951260 -10.612282 0
0 0 116 46 5 1922 -1.370325 12.069767 -9.856300 0
0 0 118 93 5 1867 3.520583 16.301050 -2.642326 0
0 0 117 86 5 194 12.159754 -10.910256 -2.642736 0
0 0 114 61 5 3759 2.756814 -16.602039 -2.900379 0
0 0 118 94 5 1886 3.722243 15.235615 -1.994543 0
0 0 116 47 5 1942 -0.844258 11.169412 -8.958416 0
0 0 114 62 5 3769 2.257257 -15.851355 -2.579222 0
0 0 117 87 5 205 11.331886 -10.807211 -2.384257 0
0 0 114 63 5 3787 2.054068 -15.114237 -2.875690 0
0 0 118 95 36 1917 3.722243 15.235615 -1.994543 1
0 0 116 48 36 1973 -0.844258 11.169412 -8.958416 1
0 0 118 96 36 1920 3.722243 15.235615 -1.994543 1
0 0 116 49 5 1977 -0.928028 9.915237 -8.869986 0
0 0 118 97 5 1922 3.242435 13.886007 -1.792121 0
0 0 114 64 64 3800 2.054068 -15.114237 -2.875690 1
0 0 117 88 36 237 11.331886 -10.807211 -2.384257 1
0 0 117 89 36 240 11.331886 -10.807211 -2.384257 1
0 0 114 117 5 3806 3.113812 -14.284082 -2.901475 0
0 0 117 90 5 242 10.1176988 -9.150992 -2.7159117 0
0 0 118 98 5 1935 1.933899 13.882467 -1.786243 0
0 0 116 50 5 1991 -2.113173 9.488984 -8.843384 0
0 0 114 66 5 3820 4.214129 -13.673521 -2.903251 0
0 0 117 91 5 255 10.816936 -7.911788 -2.7159117 0
0 0 118 99 5 1943 0.932767 13.840855 -1.817761 0
0 0 116 51 5 1999 -3.047398 9.109676 -8.767431 0
0 0 114 67 36 3840 4.214129 -13.673521 -2.903251 0
0 0 118 100 5 1968 0.089312 12.971899 -1.799849 0
0 0 116 52 5 2023 -3.473188 8.104983 -8.862561 0
0 0 114 68 36 3850 4.214129 -13.673521 -2.903251 1
0 0 117 92 36 285 10.816936 -7.911788 -2.7159117 1
0 0 114 69 5 3852 4.832381 -11.808996 -2.925212 0
0 0 117 93 5 287 9.703500 -6.334138 -2.7159117 0
0 0 118 101 5 1981 -0.624183 11.823413 -1.810602 0
0 0 116 53 5 2036 -3.760987 6.834339 -8.849761 0
0 0 116 54 36 2040 -3.760987 6.834339 -8.849761 0
0 0 114 70 5 38117 4.901756 -10.402707 -2.942250 0
0 0 117 94 5 300 8.622059 -5.437099 -2.7159117 0
0 0 118 102 5 1993 -1.515176 10.823773 -1.815114 0
0 0 116 55 5 2049 -4.264625 5.633960 -8.831080 0
0 0 118 103 64 2000 -1.515176 10.823773 -1.815114 1
0 0 117 95 5 313 7.983824 -4.225516 -2.7159117 0
0 0 114 71 5 3877 5.486998 -9.154832 -2.947993 0
0 0 118 104 5 2001 -2.390871 9.764669 -1.896302 0
0 0 116 56 5 2057 -4.747264 4.323090 -8.755760 0
0 0 114 72 5 3889 5.238895 -7.890337 -2.960285 0
0 0 117 96 5 325 6.827433 -3.668454 -2.7159117 0
0 0 118 105 5 2018 -2.377077 8.288412 -1.840689 0
0 0 116 57 5 2074 -4.256617 3.053746 -8.830436 0
0 0 114 73 5 3901 4.404754 -6.760118 -2.975848 0
0 0 117 97 5 337 5.434445 -3.664834 -2.7159117 0
0 0 118 106 5 2030 -2.142605 6.861901 -1.855885 0
0 0 116 58 5 2086 -3.591352 1.806361 -8.831945 0
0 0 114 74 5 3914 3.485770 -5.634481 -2.994023 0
0 0 117 98 5 349 3.984020 -3.732198 -2.7159117 0
0 0 118 107 36 2040 -2.142605 6.861901 -1.855885 0
0 0 118 108 5 2043 -1.711455 5.406045 -1.871732 0
0 0 116 59 5 2099 -2.736160 0.596914 -8.842340 0
0 0 117 99 2 356 2.588460 -3.931601 -2.857909 2
0 0 114 75 2 3923 2.458450 -4.599840 -3.029872 2
0 0 117 100 36 360 3.984020 -3.732198 -2.7159117 0
0 0 118 109 2 2049 -1.427522 4.253121 -1.993067 2
0 0 116 60 2 2105 -2.080738 -0.435815 -8.858608 2
0 0 114 76 5 3927 2.454785 -4.589557 -3.009617 0
0 0 117 101 5 363 2.522202 -3.933014 -2.7159117 0
0 0 118 110 5 2055 -1.375016 4.146935 -1.877192 0
0 0 116 61 5 2111 -2.041558 -0.460172 -8.851009 0
0 0 114 77 5 3939 1.598208 -3.574063 -3.019430 0
0 0 117 102 5 375 1.199297 -4.012170 -2.7159117 0
0 0 118 111 5 2068 -0.977505 2.824726 -1.885418 0
0 0 116 62 5 2124 -1.268231 -1.541867 -8.847922 0
0 0 114 78 2 3948 0.625649 -2.689411 -3.061231 1
0 0 117 103 2 383 -0.097644 -4.258686 -2.825561 1
0 0 118 112 2 2075 -0.670630 1.700284 -2.008967 1
0 0 116 63 2 2130 -0.600624 -2.545852 -8.853496 1
0 0 114 79 5 3952 0.608173 -2.679602 -3.032292 0
0 0 117 104 5 388 -0.106389 -4.266709 -2.7159117 0
0 0 118 113 5 2081 -0.626872 1.587526 -1.886961 0
0 0 116 64 5 2137 -0.576020 -2.573220 -8.853050 0
0 0 114 80 36 3960 0.608173 -2.679602 -3.032292 0
0 0 117 105 64 400 -0.106389 -4.266709 -2.7159117 3
0 0 117 106 5 401 -1.407537 -4.315786 -2.7159117 0
0 0 114 81 5 39117 -0.214048 -1.6117116 -3.046759 0
0 0 117 107 2 404 -1.666479 -4.234610 -2.893410 1
0 0 118 114 5 2094 -0.613058 0.417253 -1.892726 0
0 0 116 117 5 2150 -0.208720 -3.1172114 -8.863213 0
0 0 114 82 5 3973 -0.183316 -0.403677 -3.091877 0
0 0 117 108 5 409 -2.401312 -3.532337 -2.856635 0
0 0 116 66 36 2160 -0.208720 -3.1172114 -8.863213 0
0 0 114 83 5 3986 0.643308 -0.485980 -3.094464 0
0 0 117 109 5 421 -1.832947 -2.920839 -2.856635 0
0 0 118 115 5 2120 -1.464357 1.005377 -1.913178 0
0 0 116 67 5 2176 -1.196282 -3.391452 -8.800757 0
0 0 117 110 36 453 -1.832947 -2.920839 -2.856635 1
0 0 114 84 36 4017 0.643308 -0.485980 -3.094464 1
0 0 117 111 5 453 -1.035348 -2.846019 -2.856635 0
0 0 116 68 64 2200 -1.196282 -3.391452 -8.800757 2
0 0 114 85 5 4027 1.1711785 -1.083062 -3.094224 0
0 0 118 116 36 2151 -1.464357 1.005377 -1.913178 1
0 0 116 69 36 2206 -1.196282 -3.391452 -8.800757 1
0 0 118 117 36 2160 -1.464357 1.005377 -1.913178 1
0 0 117 112 36 480 -1.035348 -2.846019 -2.856635 0
0 0 117 113 36 483 -1.035348 -2.846019 -2.856635 1
0 0 114 86 36 4057 1.1711785 -1.083062 -3.094224 1
0 0 114 87 36 4080 1.1711785 -1.083062 -3.094224 1
0 0 116 70 36 2280 -1.196282 -3.391452 -8.800757 1
0 0 118 118 36 2280 -1.464357 1.005377 -1.913178 1
0 0 117 114 36 600 -1.035348 -2.846019 -2.856635 1
0 0 114 88 36 4200 1.1711785 -1.083062 -3.094224 1
0 0 116 71 36 2400 -1.196282 -3.391452 -8.800757 1
0 0 118 114 36 2400 -1.464357 1.005377 -1.913178 117
0 0 117 115 36 720 -1.035348 -2.846019 -2.856635 117
0 0 114 89 36 4320 1.1711785 -1.083062 -3.094224 117
0 0 114 89 36 4320 1.1711785 -1.083062 -3.094224 117
0 0 116 72 36 2520 -1.196282 -3.391452 -8.800757 117
0 0 118 120 36 2520 -1.464357 1.005377 -1.913178 117
0 0 114 90 64 4400 1.1711785 -1.083062 -3.094224 1
0 0 117 116 36 840 -1.035348 -2.846019 -2.856635 117
0 0 114 91 36 4440 1.1711785 -1.083062 -3.094224 117
0 0 116 73 36 2640 -1.196282 -3.391452 -8.800757 117
